#
# There is insufficient memory for the Java Runtime Environment to continue.
# Native memory allocation (malloc) failed to allocate 32744 bytes for ChunkPool::allocate
# Possible reasons:
#   The system is out of physical RAM or swap space
#   In 32 bit mode, the process size limit was hit
# Possible solutions:
#   Reduce memory load on the system
#   Increase physical memory or swap space
#   Check if swap backing store is full
#   Use 64 bit Java on a 64 bit OS
#   Decrease Java heap size (-Xmx/-Xms)
#   Decrease number of Java threads
#   Decrease Java thread stack sizes (-Xss)
#   Set larger code cache with -XX:ReservedCodeCacheSize=
# This output file may be truncated or incomplete.
#
#  Out of Memory Error (allocation.cpp:273), pid=13928, tid=0x0000000000001afc
#
# JRE version: Java(TM) SE Runtime Environment (8.0_161-b12) (build 1.8.0_161-b12)
# Java VM: Java HotSpot(TM) 64-Bit Server VM (25.161-b12 mixed mode windows-amd64 compressed oops)
# Failed to write core dump. Minidumps are not enabled by default on client versions of Windows
#

---------------  T H R E A D  ---------------

Current thread (0x0000000018223000):  JavaThread "C1 CompilerThread2" daemon [_thread_in_native, id=6908, stack(0x0000000018720000,0x0000000018820000)]

Stack: [0x0000000018720000,0x0000000018820000]
[error occurred during error reporting (printing stack bounds), id 0xc0000005]

Native frames: (J=compiled Java code, j=interpreted, Vv=VM code, C=native code)


Current CompileTask:
C1:   6945 2027 %     3       Invoice::exportInvoiceToXls @ 193 (1612 bytes)


---------------  P R O C E S S  ---------------

Java Threads: ( => current thread )
  0x0000000018228800 JavaThread "Service Thread" daemon [_thread_blocked, id=13856, stack(0x0000000018820000,0x0000000018920000)]
=>0x0000000018223000 JavaThread "C1 CompilerThread2" daemon [_thread_in_native, id=6908, stack(0x0000000018720000,0x0000000018820000)]
  0x0000000018220800 JavaThread "C2 CompilerThread1" daemon [_thread_blocked, id=10396, stack(0x0000000018620000,0x0000000018720000)]
  0x0000000016acf800 JavaThread "C2 CompilerThread0" daemon [_thread_blocked, id=6836, stack(0x0000000018120000,0x0000000018220000)]
  0x0000000016ace000 JavaThread "Attach Listener" daemon [_thread_blocked, id=7116, stack(0x0000000018020000,0x0000000018120000)]
  0x0000000016acc800 JavaThread "Signal Dispatcher" daemon [_thread_blocked, id=8228, stack(0x0000000017f20000,0x0000000018020000)]
  0x000000000200b800 JavaThread "Finalizer" daemon [_thread_blocked, id=6980, stack(0x0000000017d40000,0x0000000017e40000)]
  0x0000000016a99000 JavaThread "Reference Handler" daemon [_thread_blocked, id=12484, stack(0x0000000017c40000,0x0000000017d40000)]
  0x0000000001d2e800 JavaThread "main" [_thread_in_Java, id=12432, stack(0x0000000001e10000,0x0000000001f10000)]

Other Threads:
  0x0000000016a97000 VMThread [stack: 0x0000000017b40000,0x0000000017c40000] [id=11004]
  0x0000000018229800 WatcherThread [stack: 0x0000000018a10000,0x0000000018b10000] [id=10116]

VM state:not at safepoint (normal execution)

VM Mutex/Monitor currently owned by a thread: None

Heap:
 PSYoungGen      total 270336K, used 169046K [0x00000000d6180000, 0x00000000f0b80000, 0x0000000100000000)
  eden space 261632K, 64% used [0x00000000d6180000,0x00000000e06858b8,0x00000000e6100000)
  from space 8704K, 0% used [0x00000000e6100000,0x00000000e6110000,0x00000000e6980000)
  to   space 8704K, 0% used [0x00000000f0300000,0x00000000f0300000,0x00000000f0b80000)
 ParOldGen       total 86016K, used 6746K [0x0000000082400000, 0x0000000087800000, 0x00000000d6180000)
  object space 86016K, 7% used [0x0000000082400000,0x0000000082a969e8,0x0000000087800000)
 Metaspace       used 11664K, capacity 11814K, committed 11904K, reserved 1060864K
  class space    used 1359K, capacity 1405K, committed 1408K, reserved 1048576K

Card table byte_map: [0x00000000113d0000,0x00000000117c0000] byte_map_base: 0x0000000010fbe000

Marking Bits: (ParMarkBitMap*) 0x00000000583ff860
 Begin Bits: [0x0000000011e60000, 0x0000000013dd0000)
 End Bits:   [0x0000000013dd0000, 0x0000000015d40000)

Polling page: 0x0000000001c70000

CodeCache: size=245760Kb used=7866Kb max_used=7885Kb free=237893Kb
 bounds [0x0000000002010000, 0x00000000027d0000, 0x0000000011010000]
 total_blobs=2323 nmethods=1986 adapters=249
 compilation: enabled

Compilation events (10 events):
Event: 4.937 Thread 0x0000000016acf800 2023       4       org.apache.xmlbeans.XmlFactoryHook$ThreadContext::getHook (26 bytes)
Event: 4.939 Thread 0x0000000016acf800 nmethod 2023 0x00000000027bec50 code [0x00000000027bedc0, 0x00000000027bef78]
Event: 4.955 Thread 0x0000000018220800 nmethod 2022 0x00000000027c5710 code [0x00000000027c58e0, 0x00000000027c64f0]
Event: 5.082 Thread 0x0000000016acf800 2024       4       org.apache.xmlbeans.impl.store.Xobj::getValueAsString (243 bytes)
Event: 5.097 Thread 0x0000000018220800 2025       4       java.lang.StringBuilder::append (9 bytes)
Event: 5.102 Thread 0x0000000018220800 nmethod 2025 0x00000000027c0090 code [0x00000000027c01e0, 0x00000000027c0638]
Event: 5.102 Thread 0x0000000018220800 2026       4       org.apache.xmlbeans.impl.store.Cur::moveChars (371 bytes)
Event: 5.111 Thread 0x0000000018220800 nmethod 2026 0x00000000027c72d0 code [0x00000000027c7480, 0x00000000027c7ab0]
Event: 5.141 Thread 0x0000000016acf800 nmethod 2024 0x00000000027cbc50 code [0x00000000027cbec0, 0x00000000027cddb0]
Event: 6.938 Thread 0x0000000018223000 2027 %     3       Invoice::exportInvoiceToXls @ 193 (1612 bytes)

GC Heap History (10 events):
Event: 4.446 GC heap before
{Heap before GC invocations=5 (full 0):
 PSYoungGen      total 70656K, used 69862K [0x00000000d6180000, 0x00000000dab80000, 0x0000000100000000)
  eden space 65536K, 100% used [0x00000000d6180000,0x00000000da180000,0x00000000da180000)
  from space 5120K, 84% used [0x00000000da680000,0x00000000daab9980,0x00000000dab80000)
  to   space 5120K, 0% used [0x00000000da180000,0x00000000da180000,0x00000000da680000)
 ParOldGen       total 86016K, used 2431K [0x0000000082400000, 0x0000000087800000, 0x00000000d6180000)
  object space 86016K, 2% used [0x0000000082400000,0x000000008265fda0,0x0000000087800000)
 Metaspace       used 11643K, capacity 11750K, committed 11904K, reserved 1060864K
  class space    used 1358K, capacity 1405K, committed 1408K, reserved 1048576K
Event: 4.451 GC heap after
Heap after GC invocations=5 (full 0):
 PSYoungGen      total 70656K, used 4312K [0x00000000d6180000, 0x00000000df180000, 0x0000000100000000)
  eden space 65536K, 0% used [0x00000000d6180000,0x00000000d6180000,0x00000000da180000)
  from space 5120K, 84% used [0x00000000da180000,0x00000000da5b6330,0x00000000da680000)
  to   space 8192K, 0% used [0x00000000de980000,0x00000000de980000,0x00000000df180000)
 ParOldGen       total 86016K, used 2439K [0x0000000082400000, 0x0000000087800000, 0x00000000d6180000)
  object space 86016K, 2% used [0x0000000082400000,0x0000000082661da0,0x0000000087800000)
 Metaspace       used 11643K, capacity 11750K, committed 11904K, reserved 1060864K
  class space    used 1358K, capacity 1405K, committed 1408K, reserved 1048576K
}
Event: 4.818 GC heap before
{Heap before GC invocations=6 (full 0):
 PSYoungGen      total 70656K, used 69848K [0x00000000d6180000, 0x00000000df180000, 0x0000000100000000)
  eden space 65536K, 100% used [0x00000000d6180000,0x00000000da180000,0x00000000da180000)
  from space 5120K, 84% used [0x00000000da180000,0x00000000da5b6330,0x00000000da680000)
  to   space 8192K, 0% used [0x00000000de980000,0x00000000de980000,0x00000000df180000)
 ParOldGen       total 86016K, used 2439K [0x0000000082400000, 0x0000000087800000, 0x00000000d6180000)
  object space 86016K, 2% used [0x0000000082400000,0x0000000082661da0,0x0000000087800000)
 Metaspace       used 11644K, capacity 11750K, committed 11904K, reserved 1060864K
  class space    used 1359K, capacity 1405K, committed 1408K, reserved 1048576K
Event: 4.838 GC heap after
Heap after GC invocations=6 (full 0):
 PSYoungGen      total 138240K, used 4294K [0x00000000d6180000, 0x00000000df080000, 0x0000000100000000)
  eden space 131072K, 0% used [0x00000000d6180000,0x00000000d6180000,0x00000000de180000)
  from space 7168K, 59% used [0x00000000de980000,0x00000000dedb1960,0x00000000df080000)
  to   space 7680K, 0% used [0x00000000de180000,0x00000000de180000,0x00000000de900000)
 ParOldGen       total 86016K, used 2447K [0x0000000082400000, 0x0000000087800000, 0x00000000d6180000)
  object space 86016K, 2% used [0x0000000082400000,0x0000000082663da0,0x0000000087800000)
 Metaspace       used 11644K, capacity 11750K, committed 11904K, reserved 1060864K
  class space    used 1359K, capacity 1405K, committed 1408K, reserved 1048576K
}
Event: 5.256 GC heap before
{Heap before GC invocations=7 (full 0):
 PSYoungGen      total 138240K, used 135366K [0x00000000d6180000, 0x00000000df080000, 0x0000000100000000)
  eden space 131072K, 100% used [0x00000000d6180000,0x00000000de180000,0x00000000de180000)
  from space 7168K, 59% used [0x00000000de980000,0x00000000dedb1960,0x00000000df080000)
  to   space 7680K, 0% used [0x00000000de180000,0x00000000de180000,0x00000000de900000)
 ParOldGen       total 86016K, used 2447K [0x0000000082400000, 0x0000000087800000, 0x00000000d6180000)
  object space 86016K, 2% used [0x0000000082400000,0x0000000082663da0,0x0000000087800000)
 Metaspace       used 11646K, capacity 11750K, committed 11904K, reserved 1060864K
  class space    used 1359K, capacity 1405K, committed 1408K, reserved 1048576K
Event: 5.265 GC heap after
Heap after GC invocations=7 (full 0):
 PSYoungGen      total 138752K, used 160K [0x00000000d6180000, 0x00000000e7180000, 0x0000000100000000)
  eden space 131072K, 0% used [0x00000000d6180000,0x00000000d6180000,0x00000000de180000)
  from space 7680K, 2% used [0x00000000de180000,0x00000000de1a8000,0x00000000de900000)
  to   space 8192K, 0% used [0x00000000e6980000,0x00000000e6980000,0x00000000e7180000)
 ParOldGen       total 86016K, used 6722K [0x0000000082400000, 0x0000000087800000, 0x00000000d6180000)
  object space 86016K, 7% used [0x0000000082400000,0x0000000082a909e8,0x0000000087800000)
 Metaspace       used 11646K, capacity 11750K, committed 11904K, reserved 1060864K
  class space    used 1359K, capacity 1405K, committed 1408K, reserved 1048576K
}
Event: 5.688 GC heap before
{Heap before GC invocations=8 (full 0):
 PSYoungGen      total 138752K, used 131232K [0x00000000d6180000, 0x00000000e7180000, 0x0000000100000000)
  eden space 131072K, 100% used [0x00000000d6180000,0x00000000de180000,0x00000000de180000)
  from space 7680K, 2% used [0x00000000de180000,0x00000000de1a8000,0x00000000de900000)
  to   space 8192K, 0% used [0x00000000e6980000,0x00000000e6980000,0x00000000e7180000)
 ParOldGen       total 86016K, used 6722K [0x0000000082400000, 0x0000000087800000, 0x00000000d6180000)
  object space 86016K, 7% used [0x0000000082400000,0x0000000082a909e8,0x0000000087800000)
 Metaspace       used 11646K, capacity 11750K, committed 11904K, reserved 1060864K
  class space    used 1359K, capacity 1405K, committed 1408K, reserved 1048576K
Event: 5.716 GC heap after
Heap after GC invocations=8 (full 0):
 PSYoungGen      total 269824K, used 128K [0x00000000d6180000, 0x00000000e7280000, 0x0000000100000000)
  eden space 261632K, 0% used [0x00000000d6180000,0x00000000d6180000,0x00000000e6100000)
  from space 8192K, 1% used [0x00000000e6980000,0x00000000e69a0000,0x00000000e7180000)
  to   space 8704K, 0% used [0x00000000e6100000,0x00000000e6100000,0x00000000e6980000)
 ParOldGen       total 86016K, used 6730K [0x0000000082400000, 0x0000000087800000, 0x00000000d6180000)
  object space 86016K, 7% used [0x0000000082400000,0x0000000082a929e8,0x0000000087800000)
 Metaspace       used 11646K, capacity 11750K, committed 11904K, reserved 1060864K
  class space    used 1359K, capacity 1405K, committed 1408K, reserved 1048576K
}
Event: 6.469 GC heap before
{Heap before GC invocations=9 (full 0):
 PSYoungGen      total 269824K, used 261760K [0x00000000d6180000, 0x00000000e7280000, 0x0000000100000000)
  eden space 261632K, 100% used [0x00000000d6180000,0x00000000e6100000,0x00000000e6100000)
  from space 8192K, 1% used [0x00000000e6980000,0x00000000e69a0000,0x00000000e7180000)
  to   space 8704K, 0% used [0x00000000e6100000,0x00000000e6100000,0x00000000e6980000)
 ParOldGen       total 86016K, used 6730K [0x0000000082400000, 0x0000000087800000, 0x00000000d6180000)
  object space 86016K, 7% used [0x0000000082400000,0x0000000082a929e8,0x0000000087800000)
 Metaspace       used 11646K, capacity 11750K, committed 11904K, reserved 1060864K
  class space    used 1359K, capacity 1405K, committed 1408K, reserved 1048576K
Event: 6.477 GC heap after
Heap after GC invocations=9 (full 0):
 PSYoungGen      total 270336K, used 64K [0x00000000d6180000, 0x00000000f0b80000, 0x0000000100000000)
  eden space 261632K, 0% used [0x00000000d6180000,0x00000000d6180000,0x00000000e6100000)
  from space 8704K, 0% used [0x00000000e6100000,0x00000000e6110000,0x00000000e6980000)
  to   space 8704K, 0% used [0x00000000f0300000,0x00000000f0300000,0x00000000f0b80000)
 ParOldGen       total 86016K, used 6746K [0x0000000082400000, 0x0000000087800000, 0x00000000d6180000)
  object space 86016K, 7% used [0x0000000082400000,0x0000000082a969e8,0x0000000087800000)
 Metaspace       used 11646K, capacity 11750K, committed 11904K, reserved 1060864K
  class space    used 1359K, capacity 1405K, committed 1408K, reserved 1048576K
}

Deoptimization events (10 events):
Event: 3.114 Thread 0x0000000001d2e800 Uncommon trap: reason=class_check action=maybe_recompile pc=0x00000000024b658c method=java.lang.Character.codePointAt(Ljava/lang/CharSequence;I)I @ 2
Event: 3.114 Thread 0x0000000001d2e800 Uncommon trap: reason=class_check action=maybe_recompile pc=0x00000000024b658c method=java.lang.Character.codePointAt(Ljava/lang/CharSequence;I)I @ 2
Event: 3.114 Thread 0x0000000001d2e800 Uncommon trap: reason=class_check action=maybe_recompile pc=0x00000000024b658c method=java.lang.Character.codePointAt(Ljava/lang/CharSequence;I)I @ 2
Event: 3.114 Thread 0x0000000001d2e800 Uncommon trap: reason=class_check action=maybe_recompile pc=0x00000000024b658c method=java.lang.Character.codePointAt(Ljava/lang/CharSequence;I)I @ 2
Event: 3.114 Thread 0x0000000001d2e800 Uncommon trap: reason=class_check action=maybe_recompile pc=0x00000000021d155c method=java.lang.Character.codePointAt(Ljava/lang/CharSequence;I)I @ 2
Event: 3.114 Thread 0x0000000001d2e800 Uncommon trap: reason=class_check action=maybe_recompile pc=0x000000000259df8c method=java.util.regex.Pattern$Slice.match(Ljava/util/regex/Matcher;ILjava/lang/CharSequence;)Z @ 49
Event: 3.114 Thread 0x0000000001d2e800 Uncommon trap: reason=class_check action=maybe_recompile pc=0x000000000259df8c method=java.util.regex.Pattern$Slice.match(Ljava/util/regex/Matcher;ILjava/lang/CharSequence;)Z @ 49
Event: 3.120 Thread 0x0000000001d2e800 Uncommon trap: reason=class_check action=maybe_recompile pc=0x000000000259df8c method=java.util.regex.Pattern$Slice.match(Ljava/util/regex/Matcher;ILjava/lang/CharSequence;)Z @ 49
Event: 3.120 Thread 0x0000000001d2e800 Uncommon trap: reason=class_check action=maybe_recompile pc=0x000000000259df8c method=java.util.regex.Pattern$Slice.match(Ljava/util/regex/Matcher;ILjava/lang/CharSequence;)Z @ 49
Event: 4.142 Thread 0x0000000001d2e800 Uncommon trap: reason=unstable_if action=reinterpret pc=0x000000000271e8ac method=java.io.BufferedOutputStream.flushBuffer()V @ 4

Classes redefined (0 events):
No events

Internal exceptions (10 events):
Event: 2.146 Thread 0x0000000001d2e800 Exception <a 'java/security/PrivilegedActionException'> (0x00000000d6de6400) thrown at [C:\re\workspace\8-2-build-windows-amd64-cygwin\jdk8u161\10277\hotspot\src\share\vm\prims\jvm.cpp, line 1390]
Event: 2.146 Thread 0x0000000001d2e800 Exception <a 'java/security/PrivilegedActionException'> (0x00000000d6de67f8) thrown at [C:\re\workspace\8-2-build-windows-amd64-cygwin\jdk8u161\10277\hotspot\src\share\vm\prims\jvm.cpp, line 1390]
Event: 2.146 Thread 0x0000000001d2e800 Exception <a 'java/security/PrivilegedActionException'> (0x00000000d6de9e78) thrown at [C:\re\workspace\8-2-build-windows-amd64-cygwin\jdk8u161\10277\hotspot\src\share\vm\prims\jvm.cpp, line 1390]
Event: 2.146 Thread 0x0000000001d2e800 Exception <a 'java/security/PrivilegedActionException'> (0x00000000d6dea270) thrown at [C:\re\workspace\8-2-build-windows-amd64-cygwin\jdk8u161\10277\hotspot\src\share\vm\prims\jvm.cpp, line 1390]
Event: 2.146 Thread 0x0000000001d2e800 Exception <a 'java/security/PrivilegedActionException'> (0x00000000d6ded748) thrown at [C:\re\workspace\8-2-build-windows-amd64-cygwin\jdk8u161\10277\hotspot\src\share\vm\prims\jvm.cpp, line 1390]
Event: 2.147 Thread 0x0000000001d2e800 Exception <a 'java/security/PrivilegedActionException'> (0x00000000d6dedb40) thrown at [C:\re\workspace\8-2-build-windows-amd64-cygwin\jdk8u161\10277\hotspot\src\share\vm\prims\jvm.cpp, line 1390]
Event: 2.600 Thread 0x0000000001d2e800 Implicit null exception at 0x000000000243b670 to 0x000000000243b751
Event: 3.006 Thread 0x0000000001d2e800 Implicit null exception at 0x000000000255a01e to 0x000000000255a3c9
Event: 3.042 Thread 0x0000000001d2e800 Implicit null exception at 0x000000000255f1cb to 0x000000000255f26d
Event: 3.042 Thread 0x0000000001d2e800 Implicit null exception at 0x000000000256ba70 to 0x000000000256badd

Events (10 events):
Event: 4.818 Executing VM operation: ParallelGCFailedAllocation
Event: 4.838 Executing VM operation: ParallelGCFailedAllocation done
Event: 4.936 loading class org/apache/xmlbeans/XmlFactoryHook
Event: 4.936 loading class org/apache/xmlbeans/XmlFactoryHook done
Event: 5.256 Executing VM operation: ParallelGCFailedAllocation
Event: 5.266 Executing VM operation: ParallelGCFailedAllocation done
Event: 5.688 Executing VM operation: ParallelGCFailedAllocation
Event: 5.716 Executing VM operation: ParallelGCFailedAllocation done
Event: 6.468 Executing VM operation: ParallelGCFailedAllocation
Event: 6.477 Executing VM operation: ParallelGCFailedAllocation done


Dynamic libraries:
0x00007ff755ab0000 - 0x00007ff755ae7000 	C:\Program Files\Java\jre1.8.0_161\bin\javaw.exe
0x00007ff93fc20000 - 0x00007ff93fdcd000 	C:\Windows\SYSTEM32\ntdll.dll
0x00007ff93fa70000 - 0x00007ff93fbae000 	C:\Windows\system32\KERNEL32.DLL
0x00007ff93ce50000 - 0x00007ff93cf65000 	C:\Windows\system32\KERNELBASE.dll
0x00007ff93b120000 - 0x00007ff93b1ae000 	C:\Windows\system32\apphelp.dll
0x00007ff921d40000 - 0x00007ff921d93000 	C:\Windows\AppPatch\AppPatch64\AcGenral.DLL
0x00007ff93e1e0000 - 0x00007ff93e28a000 	C:\Windows\system32\msvcrt.dll
0x00007ff93ce20000 - 0x00007ff93ce4e000 	C:\Windows\system32\SspiCli.dll
0x00007ff93e180000 - 0x00007ff93e1d4000 	C:\Windows\system32\SHLWAPI.dll
0x00007ff93dbe0000 - 0x00007ff93dd57000 	C:\Windows\system32\USER32.dll
0x00007ff93d320000 - 0x00007ff93d4b4000 	C:\Windows\system32\ole32.dll
0x00007ff93e3f0000 - 0x00007ff93f919000 	C:\Windows\system32\SHELL32.dll
0x00007ff93c590000 - 0x00007ff93c5b1000 	C:\Windows\SYSTEM32\USERENV.dll
0x00007ff93ddc0000 - 0x00007ff93de6a000 	C:\Windows\system32\ADVAPI32.dll
0x00007ff931900000 - 0x00007ff93191e000 	C:\Windows\SYSTEM32\MPR.dll
0x00007ff93daa0000 - 0x00007ff93dbe0000 	C:\Windows\system32\RPCRT4.dll
0x00007ff93fbc0000 - 0x00007ff93fc19000 	C:\Windows\SYSTEM32\sechost.dll
0x00007ff93d880000 - 0x00007ff93da92000 	C:\Windows\SYSTEM32\combase.dll
0x00007ff93f920000 - 0x00007ff93fa6b000 	C:\Windows\system32\GDI32.dll
0x00007ff93cd50000 - 0x00007ff93cd65000 	C:\Windows\SYSTEM32\profapi.dll
0x00007ff93b5f0000 - 0x00007ff93b6a2000 	C:\Windows\SYSTEM32\SHCORE.dll
0x00007ff93dd80000 - 0x00007ff93ddb6000 	C:\Windows\system32\IMM32.DLL
0x00007ff93e290000 - 0x00007ff93e3e1000 	C:\Windows\system32\MSCTF.dll
0x00007ff93add0000 - 0x00007ff93b04b000 	C:\Windows\WinSxS\amd64_microsoft.windows.common-controls_6595b64144ccf1df_6.0.9600.18006_none_623f33d3ecbe86e8\COMCTL32.dll
0x000000005a610000 - 0x000000005a6e2000 	C:\Program Files\Java\jre1.8.0_161\bin\msvcr100.dll
0x0000000057be0000 - 0x000000005847f000 	C:\Program Files\Java\jre1.8.0_161\bin\server\jvm.dll
0x00007ff933860000 - 0x00007ff933869000 	C:\Windows\SYSTEM32\WSOCK32.dll
0x00007ff92c030000 - 0x00007ff92c052000 	C:\Windows\SYSTEM32\WINMM.dll
0x00007ff935340000 - 0x00007ff93534a000 	C:\Windows\SYSTEM32\VERSION.dll
0x00007ff93fbb0000 - 0x00007ff93fbb7000 	C:\Windows\system32\PSAPI.DLL
0x00007ff93d2c0000 - 0x00007ff93d31a000 	C:\Windows\system32\WS2_32.dll
0x00007ff92bd40000 - 0x00007ff92bd6a000 	C:\Windows\SYSTEM32\WINMMBASE.dll
0x00007ff93dd60000 - 0x00007ff93dd69000 	C:\Windows\system32\NSI.dll
0x00007ff93d260000 - 0x00007ff93d2af000 	C:\Windows\SYSTEM32\cfgmgr32.dll
0x00007ff93bb20000 - 0x00007ff93bb48000 	C:\Windows\SYSTEM32\DEVOBJ.dll
0x000000005a900000 - 0x000000005a90f000 	C:\Program Files\Java\jre1.8.0_161\bin\verify.dll
0x000000005a8d0000 - 0x000000005a8f9000 	C:\Program Files\Java\jre1.8.0_161\bin\java.dll
0x000000005a8b0000 - 0x000000005a8c6000 	C:\Program Files\Java\jre1.8.0_161\bin\zip.dll

VM Arguments:
jvm_args: -Dfile.encoding=Cp1251 
java_command: InvoiceMaker
java_class_path (initial): C:\Users\admin-vv\Google Диск\Scripts\eclipse\InvoiceMaker\bin;D:\poi-3.17\poi-3.17.jar;D:\poi-3.17\poi-examples-3.17.jar;D:\poi-3.17\poi-excelant-3.17.jar;D:\poi-3.17\poi-ooxml-3.17.jar;D:\poi-3.17\poi-ooxml-schemas-3.17.jar;D:\poi-3.17\poi-scratchpad-3.17.jar;D:\poi-3.17\ooxml-lib\xmlbeans-2.6.0.jar;D:\poi-3.17\lib\commons-collections4-4.1.jar
Launcher Type: SUN_STANDARD

Environment Variables:
JAVA_HOME=C:\Program Files\Java\jdk1.8.0_73
PATH=C:/Program Files/Java/jre1.8.0_161/bin/server;C:/Program Files/Java/jre1.8.0_161/bin;C:/Program Files/Java/jre1.8.0_161/lib/amd64;C:\ProgramData\Oracle\Java\javapath;\iCLS Client\;C:\Program Files\Intel\iCLS Client\;C:\Windows\system32;C:\Windows;C:\Windows\System32\Wbem;C:\Windows\System32\WindowsPowerShell\v1.0\;C:\Program Files (x86)\Intel\Intel(R) Management Engine Components\DAL;C:\Program Files\Intel\Intel(R) Management Engine Components\DAL;C:\Program Files (x86)\Intel\Intel(R) Management Engine Components\IPT;C:\Program Files\Intel\Intel(R) Management Engine Components\IPT;C:\Windows\idmu\common;C:\Dwimperl\perl\bin;C:\Dwimperl\perl\site\bin;C:\Dwimperl\c\bin;D:\Microsoft SQL Server\Client SDK\ODBC\110\Tools\Binn\;D:\Microsoft SQL Server\110\Tools\Binn\;C:\Program Files (x86)\Microsoft SQL Server\Client SDK\ODBC\130\Tools\Binn\;C:\Program Files (x86)\Microsoft SQL Server\130\Tools\Binn\;C:\Program Files (x86)\Microsoft SQL Server\130\DTS\Binn\;C:\Program Files (x86)\Microsoft SQL Server\130\Tools\Binn\ManagementStudio\;C:\Program Files (x86)\Skype\Phone\;C:\Program Files (x86)\Microsoft SQL Server\140\Tools\Binn\;C:\Program Files (x86)\Microsoft SQL Server\140\DTS\Binn\;C:\Program Files (x86)\Microsoft SQL Server\140\Tools\Binn\ManagementStudio\;D:\eclipse-java-neon-3-win32-x86_64\eclipse;
USERNAME=admin-vv
OS=Windows_NT
PROCESSOR_IDENTIFIER=Intel64 Family 6 Model 94 Stepping 3, GenuineIntel



---------------  S Y S T E M  ---------------

OS: Windows 8.1 , 64 bit Build 9600 (6.3.9600.17415)

CPU:total 4 (initial active 4) (2 cores per cpu, 2 threads per core) family 6 model 94 stepping 3, cmov, cx8, fxsr, mmx, sse, sse2, sse3, ssse3, sse4.1, sse4.2, popcnt, avx, avx2, aes, clmul, erms, 3dnowpref, lzcnt, ht, tsc, tscinvbit, bmi1, bmi2, adx

Memory: 4k page, physical 8240464k(961700k free), swap 11386192k(5128k free)

vm_info: Java HotSpot(TM) 64-Bit Server VM (25.161-b12) for windows-amd64 JRE (1.8.0_161-b12), built on Dec 19 2017 17:52:25 by "java_re" with MS VC++ 10.0 (VS2010)

time: Tue Feb 06 18:53:58 2018
elapsed time: 6 seconds (0d 0h 0m 6s)

