#
# There is insufficient memory for the Java Runtime Environment to continue.
# Native memory allocation (malloc) failed to allocate 32744 bytes for ChunkPool::allocate
# Possible reasons:
#   The system is out of physical RAM or swap space
#   In 32 bit mode, the process size limit was hit
# Possible solutions:
#   Reduce memory load on the system
#   Increase physical memory or swap space
#   Check if swap backing store is full
#   Use 64 bit Java on a 64 bit OS
#   Decrease Java heap size (-Xmx/-Xms)
#   Decrease number of Java threads
#   Decrease Java thread stack sizes (-Xss)
#   Set larger code cache with -XX:ReservedCodeCacheSize=
# This output file may be truncated or incomplete.
#
#  Out of Memory Error (allocation.cpp:273), pid=12820, tid=0x00000000000010cc
#
# JRE version: Java(TM) SE Runtime Environment (8.0_161-b12) (build 1.8.0_161-b12)
# Java VM: Java HotSpot(TM) 64-Bit Server VM (25.161-b12 mixed mode windows-amd64 compressed oops)
# Failed to write core dump. Minidumps are not enabled by default on client versions of Windows
#

---------------  T H R E A D  ---------------

Current thread (0x00000000181d1000):  JavaThread "C2 CompilerThread1" daemon [_thread_in_native, id=4300, stack(0x00000000185d0000,0x00000000186d0000)]

Stack: [0x00000000185d0000,0x00000000186d0000]
[error occurred during error reporting (printing stack bounds), id 0xc0000005]

Native frames: (J=compiled Java code, j=interpreted, Vv=VM code, C=native code)


Current CompileTask:
C2:   6290 1951 %     4       Invoice::exportInvoiceToXls @ 193 (1533 bytes)


---------------  P R O C E S S  ---------------

Java Threads: ( => current thread )
  0x00000000181d9800 JavaThread "Service Thread" daemon [_thread_blocked, id=13000, stack(0x00000000187d0000,0x00000000188d0000)]
  0x00000000181d4000 JavaThread "C1 CompilerThread2" daemon [_thread_blocked, id=6852, stack(0x00000000186d0000,0x00000000187d0000)]
=>0x00000000181d1000 JavaThread "C2 CompilerThread1" daemon [_thread_in_native, id=4300, stack(0x00000000185d0000,0x00000000186d0000)]
  0x0000000016a70000 JavaThread "C2 CompilerThread0" daemon [_thread_blocked, id=11560, stack(0x00000000180d0000,0x00000000181d0000)]
  0x0000000016a6f000 JavaThread "Attach Listener" daemon [_thread_blocked, id=6416, stack(0x0000000017fd0000,0x00000000180d0000)]
  0x0000000016a6d800 JavaThread "Signal Dispatcher" daemon [_thread_blocked, id=11296, stack(0x0000000017ed0000,0x0000000017fd0000)]
  0x0000000016a5a800 JavaThread "Finalizer" daemon [_thread_blocked, id=9156, stack(0x0000000017cf0000,0x0000000017df0000)]
  0x0000000016a39000 JavaThread "Reference Handler" daemon [_thread_blocked, id=13912, stack(0x0000000017bf0000,0x0000000017cf0000)]
  0x0000000001f4e800 JavaThread "main" [_thread_in_Java, id=9952, stack(0x00000000005d0000,0x00000000006d0000)]

Other Threads:
  0x0000000016a37000 VMThread [stack: 0x0000000017af0000,0x0000000017bf0000] [id=13704]
  0x00000000181da800 WatcherThread [stack: 0x00000000189c0000,0x0000000018ac0000] [id=8020]

VM state:not at safepoint (normal execution)

VM Mutex/Monitor currently owned by a thread: None

Heap:
 PSYoungGen      total 429056K, used 41955K [0x00000000d6180000, 0x00000000f0d80000, 0x0000000100000000)
  eden space 419840K, 9% used [0x00000000d6180000,0x00000000d8a70f10,0x00000000efb80000)
  from space 9216K, 0% used [0x00000000efb80000,0x00000000efb88000,0x00000000f0480000)
  to   space 9216K, 0% used [0x00000000f0480000,0x00000000f0480000,0x00000000f0d80000)
 ParOldGen       total 86016K, used 6883K [0x0000000082400000, 0x0000000087800000, 0x00000000d6180000)
  object space 86016K, 8% used [0x0000000082400000,0x0000000082ab8d90,0x0000000087800000)
 Metaspace       used 11651K, capacity 11750K, committed 11904K, reserved 1060864K
  class space    used 1359K, capacity 1405K, committed 1408K, reserved 1048576K

Card table byte_map: [0x0000000011370000,0x0000000011760000] byte_map_base: 0x0000000010f5e000

Marking Bits: (ParMarkBitMap*) 0x00000000583ff860
 Begin Bits: [0x0000000011e00000, 0x0000000013d70000)
 End Bits:   [0x0000000013d70000, 0x0000000015ce0000)

Polling page: 0x0000000000470000

CodeCache: size=245760Kb used=8193Kb max_used=8207Kb free=237567Kb
 bounds [0x0000000001fb0000, 0x00000000027c0000, 0x0000000010fb0000]
 total_blobs=2253 nmethods=1916 adapters=249
 compilation: enabled

Compilation events (10 events):
Event: 5.326 Thread 0x0000000016a70000 nmethod 1946 0x0000000002742a50 code [0x0000000002742ba0, 0x0000000002742c78]
Event: 5.345 Thread 0x00000000181d1000 1947       4       org.apache.xmlbeans.XmlFactoryHook$ThreadContext::getHook (26 bytes)
Event: 5.347 Thread 0x00000000181d1000 nmethod 1947 0x000000000274dfd0 code [0x000000000274e120, 0x000000000274e2c8]
Event: 5.627 Thread 0x00000000181d4000 1948 %     3       Invoice::exportInvoiceToXls @ 193 (1533 bytes)
Event: 5.646 Thread 0x00000000181d4000 nmethod 1948% 0x00000000027660d0 code [0x0000000002767f60, 0x0000000002780b48]
Event: 5.649 Thread 0x00000000181d4000 1949       3       Invoice::exportInvoiceToXls (1533 bytes)
Event: 5.664 Thread 0x0000000016a70000 1950       4       org.apache.poi.xssf.usermodel.XSSFRichTextString::<init> (34 bytes)
Event: 5.667 Thread 0x00000000181d4000 nmethod 1949 0x00000000027914d0 code [0x0000000002793300, 0x00000000027ab288]
Event: 5.680 Thread 0x0000000016a70000 nmethod 1950 0x00000000027bb450 code [0x00000000027bb6a0, 0x00000000027bc5d0]
Event: 6.116 Thread 0x00000000181d1000 1951 %     4       Invoice::exportInvoiceToXls @ 193 (1533 bytes)

GC Heap History (10 events):
Event: 4.831 GC heap before
{Heap before GC invocations=7 (full 0):
 PSYoungGen      total 138240K, used 135416K [0x00000000d6180000, 0x00000000df080000, 0x0000000100000000)
  eden space 131072K, 100% used [0x00000000d6180000,0x00000000de180000,0x00000000de180000)
  from space 7168K, 60% used [0x00000000de980000,0x00000000dedbe310,0x00000000df080000)
  to   space 7680K, 0% used [0x00000000de180000,0x00000000de180000,0x00000000de900000)
 ParOldGen       total 86016K, used 2537K [0x0000000082400000, 0x0000000087800000, 0x00000000d6180000)
  object space 86016K, 2% used [0x0000000082400000,0x000000008267a4e8,0x0000000087800000)
 Metaspace       used 11626K, capacity 11750K, committed 11904K, reserved 1060864K
  class space    used 1358K, capacity 1405K, committed 1408K, reserved 1048576K
Event: 4.840 GC heap after
Heap after GC invocations=7 (full 0):
 PSYoungGen      total 138752K, used 128K [0x00000000d6180000, 0x00000000e7280000, 0x0000000100000000)
  eden space 131072K, 0% used [0x00000000d6180000,0x00000000d6180000,0x00000000de180000)
  from space 7680K, 1% used [0x00000000de180000,0x00000000de1a0000,0x00000000de900000)
  to   space 8704K, 0% used [0x00000000e6a00000,0x00000000e6a00000,0x00000000e7280000)
 ParOldGen       total 86016K, used 6819K [0x0000000082400000, 0x0000000087800000, 0x00000000d6180000)
  object space 86016K, 7% used [0x0000000082400000,0x0000000082aa8d90,0x0000000087800000)
 Metaspace       used 11626K, capacity 11750K, committed 11904K, reserved 1060864K
  class space    used 1358K, capacity 1405K, committed 1408K, reserved 1048576K
}
Event: 5.151 GC heap before
{Heap before GC invocations=8 (full 0):
 PSYoungGen      total 138752K, used 131200K [0x00000000d6180000, 0x00000000e7280000, 0x0000000100000000)
  eden space 131072K, 100% used [0x00000000d6180000,0x00000000de180000,0x00000000de180000)
  from space 7680K, 1% used [0x00000000de180000,0x00000000de1a0000,0x00000000de900000)
  to   space 8704K, 0% used [0x00000000e6a00000,0x00000000e6a00000,0x00000000e7280000)
 ParOldGen       total 86016K, used 6819K [0x0000000082400000, 0x0000000087800000, 0x00000000d6180000)
  object space 86016K, 7% used [0x0000000082400000,0x0000000082aa8d90,0x0000000087800000)
 Metaspace       used 11626K, capacity 11750K, committed 11904K, reserved 1060864K
  class space    used 1358K, capacity 1405K, committed 1408K, reserved 1048576K
Event: 5.220 GC heap after
Heap after GC invocations=8 (full 0):
 PSYoungGen      total 270848K, used 64K [0x00000000d6180000, 0x00000000e7280000, 0x0000000100000000)
  eden space 262144K, 0% used [0x00000000d6180000,0x00000000d6180000,0x00000000e6180000)
  from space 8704K, 0% used [0x00000000e6a00000,0x00000000e6a10000,0x00000000e7280000)
  to   space 8704K, 0% used [0x00000000e6180000,0x00000000e6180000,0x00000000e6a00000)
 ParOldGen       total 86016K, used 6835K [0x0000000082400000, 0x0000000087800000, 0x00000000d6180000)
  object space 86016K, 7% used [0x0000000082400000,0x0000000082aacd90,0x0000000087800000)
 Metaspace       used 11626K, capacity 11750K, committed 11904K, reserved 1060864K
  class space    used 1358K, capacity 1405K, committed 1408K, reserved 1048576K
}
Event: 5.569 GC heap before
{Heap before GC invocations=9 (full 0):
 PSYoungGen      total 270848K, used 262208K [0x00000000d6180000, 0x00000000e7280000, 0x0000000100000000)
  eden space 262144K, 100% used [0x00000000d6180000,0x00000000e6180000,0x00000000e6180000)
  from space 8704K, 0% used [0x00000000e6a00000,0x00000000e6a10000,0x00000000e7280000)
  to   space 8704K, 0% used [0x00000000e6180000,0x00000000e6180000,0x00000000e6a00000)
 ParOldGen       total 86016K, used 6835K [0x0000000082400000, 0x0000000087800000, 0x00000000d6180000)
  object space 86016K, 7% used [0x0000000082400000,0x0000000082aacd90,0x0000000087800000)
 Metaspace       used 11628K, capacity 11750K, committed 11904K, reserved 1060864K
  class space    used 1359K, capacity 1405K, committed 1408K, reserved 1048576K
Event: 5.571 GC heap after
Heap after GC invocations=9 (full 0):
 PSYoungGen      total 270848K, used 160K [0x00000000d6180000, 0x00000000f0d80000, 0x0000000100000000)
  eden space 262144K, 0% used [0x00000000d6180000,0x00000000d6180000,0x00000000e6180000)
  from space 8704K, 1% used [0x00000000e6180000,0x00000000e61a8000,0x00000000e6a00000)
  to   space 9216K, 0% used [0x00000000f0480000,0x00000000f0480000,0x00000000f0d80000)
 ParOldGen       total 86016K, used 6843K [0x0000000082400000, 0x0000000087800000, 0x00000000d6180000)
  object space 86016K, 7% used [0x0000000082400000,0x0000000082aaed90,0x0000000087800000)
 Metaspace       used 11628K, capacity 11750K, committed 11904K, reserved 1060864K
  class space    used 1359K, capacity 1405K, committed 1408K, reserved 1048576K
}
Event: 5.759 GC heap before
{Heap before GC invocations=10 (full 0):
 PSYoungGen      total 270848K, used 262304K [0x00000000d6180000, 0x00000000f0d80000, 0x0000000100000000)
  eden space 262144K, 100% used [0x00000000d6180000,0x00000000e6180000,0x00000000e6180000)
  from space 8704K, 1% used [0x00000000e6180000,0x00000000e61a8000,0x00000000e6a00000)
  to   space 9216K, 0% used [0x00000000f0480000,0x00000000f0480000,0x00000000f0d80000)
 ParOldGen       total 86016K, used 6843K [0x0000000082400000, 0x0000000087800000, 0x00000000d6180000)
  object space 86016K, 7% used [0x0000000082400000,0x0000000082aaed90,0x0000000087800000)
 Metaspace       used 11651K, capacity 11750K, committed 11904K, reserved 1060864K
  class space    used 1359K, capacity 1405K, committed 1408K, reserved 1048576K
Event: 5.760 GC heap after
Heap after GC invocations=10 (full 0):
 PSYoungGen      total 429056K, used 128K [0x00000000d6180000, 0x00000000f0d80000, 0x0000000100000000)
  eden space 419840K, 0% used [0x00000000d6180000,0x00000000d6180000,0x00000000efb80000)
  from space 9216K, 1% used [0x00000000f0480000,0x00000000f04a0000,0x00000000f0d80000)
  to   space 9216K, 0% used [0x00000000efb80000,0x00000000efb80000,0x00000000f0480000)
 ParOldGen       total 86016K, used 6875K [0x0000000082400000, 0x0000000087800000, 0x00000000d6180000)
  object space 86016K, 7% used [0x0000000082400000,0x0000000082ab6d90,0x0000000087800000)
 Metaspace       used 11651K, capacity 11750K, committed 11904K, reserved 1060864K
  class space    used 1359K, capacity 1405K, committed 1408K, reserved 1048576K
}
Event: 6.234 GC heap before
{Heap before GC invocations=11 (full 0):
 PSYoungGen      total 429056K, used 419968K [0x00000000d6180000, 0x00000000f0d80000, 0x0000000100000000)
  eden space 419840K, 100% used [0x00000000d6180000,0x00000000efb80000,0x00000000efb80000)
  from space 9216K, 1% used [0x00000000f0480000,0x00000000f04a0000,0x00000000f0d80000)
  to   space 9216K, 0% used [0x00000000efb80000,0x00000000efb80000,0x00000000f0480000)
 ParOldGen       total 86016K, used 6875K [0x0000000082400000, 0x0000000087800000, 0x00000000d6180000)
  object space 86016K, 7% used [0x0000000082400000,0x0000000082ab6d90,0x0000000087800000)
 Metaspace       used 11651K, capacity 11750K, committed 11904K, reserved 1060864K
  class space    used 1359K, capacity 1405K, committed 1408K, reserved 1048576K
Event: 6.251 GC heap after
Heap after GC invocations=11 (full 0):
 PSYoungGen      total 429056K, used 32K [0x00000000d6180000, 0x00000000f0d80000, 0x0000000100000000)
  eden space 419840K, 0% used [0x00000000d6180000,0x00000000d6180000,0x00000000efb80000)
  from space 9216K, 0% used [0x00000000efb80000,0x00000000efb88000,0x00000000f0480000)
  to   space 9216K, 0% used [0x00000000f0480000,0x00000000f0480000,0x00000000f0d80000)
 ParOldGen       total 86016K, used 6883K [0x0000000082400000, 0x0000000087800000, 0x00000000d6180000)
  object space 86016K, 8% used [0x0000000082400000,0x0000000082ab8d90,0x0000000087800000)
 Metaspace       used 11651K, capacity 11750K, committed 11904K, reserved 1060864K
  class space    used 1359K, capacity 1405K, committed 1408K, reserved 1048576K
}

Deoptimization events (10 events):
Event: 3.355 Thread 0x0000000001f4e800 Uncommon trap: reason=class_check action=maybe_recompile pc=0x00000000025560d0 method=java.util.TreeMap.put(Ljava/lang/Object;Ljava/lang/Object;)Ljava/lang/Object; @ 127
Event: 3.355 Thread 0x0000000001f4e800 Uncommon trap: reason=class_check action=maybe_recompile pc=0x00000000025560d0 method=java.util.TreeMap.put(Ljava/lang/Object;Ljava/lang/Object;)Ljava/lang/Object; @ 127
Event: 3.355 Thread 0x0000000001f4e800 Uncommon trap: reason=class_check action=maybe_recompile pc=0x00000000025560d0 method=java.util.TreeMap.put(Ljava/lang/Object;Ljava/lang/Object;)Ljava/lang/Object; @ 127
Event: 3.355 Thread 0x0000000001f4e800 Uncommon trap: reason=unstable_if action=reinterpret pc=0x00000000024e0590 method=java.lang.reflect.Modifier.isPublic(I)Z @ 3
Event: 3.356 Thread 0x0000000001f4e800 Uncommon trap: reason=unstable_if action=reinterpret pc=0x000000000245d3c4 method=com.sun.org.apache.xerces.internal.xni.XMLString.toString()Ljava/lang/String; @ 4
Event: 3.356 Thread 0x0000000001f4e800 Uncommon trap: reason=unstable_if action=reinterpret pc=0x0000000002473e78 method=com.sun.org.apache.xerces.internal.util.NamespaceSupport.pushContext()V @ 11
Event: 3.408 Thread 0x0000000001f4e800 Uncommon trap: reason=class_check action=maybe_recompile pc=0x000000000247cf4c method=java.lang.Character.codePointAt(Ljava/lang/CharSequence;I)I @ 2
Event: 3.408 Thread 0x0000000001f4e800 Uncommon trap: reason=class_check action=maybe_recompile pc=0x000000000247cf4c method=java.lang.Character.codePointAt(Ljava/lang/CharSequence;I)I @ 2
Event: 3.408 Thread 0x0000000001f4e800 Uncommon trap: reason=class_check action=maybe_recompile pc=0x000000000247cf4c method=java.lang.Character.codePointAt(Ljava/lang/CharSequence;I)I @ 2
Event: 3.408 Thread 0x0000000001f4e800 Uncommon trap: reason=class_check action=maybe_recompile pc=0x000000000247cf4c method=java.lang.Character.codePointAt(Ljava/lang/CharSequence;I)I @ 2

Classes redefined (0 events):
No events

Internal exceptions (10 events):
Event: 2.226 Thread 0x0000000001f4e800 Exception <a 'java/security/PrivilegedActionException'> (0x00000000d6de2c50) thrown at [C:\re\workspace\8-2-build-windows-amd64-cygwin\jdk8u161\10277\hotspot\src\share\vm\prims\jvm.cpp, line 1390]
Event: 2.226 Thread 0x0000000001f4e800 Exception <a 'java/security/PrivilegedActionException'> (0x00000000d6de3048) thrown at [C:\re\workspace\8-2-build-windows-amd64-cygwin\jdk8u161\10277\hotspot\src\share\vm\prims\jvm.cpp, line 1390]
Event: 2.226 Thread 0x0000000001f4e800 Exception <a 'java/security/PrivilegedActionException'> (0x00000000d6de6438) thrown at [C:\re\workspace\8-2-build-windows-amd64-cygwin\jdk8u161\10277\hotspot\src\share\vm\prims\jvm.cpp, line 1390]
Event: 2.226 Thread 0x0000000001f4e800 Exception <a 'java/security/PrivilegedActionException'> (0x00000000d6de6830) thrown at [C:\re\workspace\8-2-build-windows-amd64-cygwin\jdk8u161\10277\hotspot\src\share\vm\prims\jvm.cpp, line 1390]
Event: 2.227 Thread 0x0000000001f4e800 Exception <a 'java/security/PrivilegedActionException'> (0x00000000d6de9eb0) thrown at [C:\re\workspace\8-2-build-windows-amd64-cygwin\jdk8u161\10277\hotspot\src\share\vm\prims\jvm.cpp, line 1390]
Event: 2.227 Thread 0x0000000001f4e800 Exception <a 'java/security/PrivilegedActionException'> (0x00000000d6dea2a8) thrown at [C:\re\workspace\8-2-build-windows-amd64-cygwin\jdk8u161\10277\hotspot\src\share\vm\prims\jvm.cpp, line 1390]
Event: 2.227 Thread 0x0000000001f4e800 Exception <a 'java/security/PrivilegedActionException'> (0x00000000d6ded780) thrown at [C:\re\workspace\8-2-build-windows-amd64-cygwin\jdk8u161\10277\hotspot\src\share\vm\prims\jvm.cpp, line 1390]
Event: 2.227 Thread 0x0000000001f4e800 Exception <a 'java/security/PrivilegedActionException'> (0x00000000d6dedb78) thrown at [C:\re\workspace\8-2-build-windows-amd64-cygwin\jdk8u161\10277\hotspot\src\share\vm\prims\jvm.cpp, line 1390]
Event: 2.781 Thread 0x0000000001f4e800 Implicit null exception at 0x00000000023e8770 to 0x00000000023e8851
Event: 3.338 Thread 0x0000000001f4e800 Implicit null exception at 0x00000000024ebab0 to 0x00000000024ebb1d

Events (10 events):
Event: 5.150 Executing VM operation: ParallelGCFailedAllocation
Event: 5.220 Executing VM operation: ParallelGCFailedAllocation done
Event: 5.344 loading class org/apache/xmlbeans/XmlFactoryHook
Event: 5.345 loading class org/apache/xmlbeans/XmlFactoryHook done
Event: 5.569 Executing VM operation: ParallelGCFailedAllocation
Event: 5.571 Executing VM operation: ParallelGCFailedAllocation done
Event: 5.759 Executing VM operation: ParallelGCFailedAllocation
Event: 5.761 Executing VM operation: ParallelGCFailedAllocation done
Event: 6.234 Executing VM operation: ParallelGCFailedAllocation
Event: 6.251 Executing VM operation: ParallelGCFailedAllocation done


Dynamic libraries:
0x00007ff755ab0000 - 0x00007ff755ae7000 	C:\Program Files\Java\jre1.8.0_161\bin\javaw.exe
0x00007ff93fc20000 - 0x00007ff93fdcd000 	C:\Windows\SYSTEM32\ntdll.dll
0x00007ff93fa70000 - 0x00007ff93fbae000 	C:\Windows\system32\KERNEL32.DLL
0x00007ff93ce50000 - 0x00007ff93cf65000 	C:\Windows\system32\KERNELBASE.dll
0x00007ff93b120000 - 0x00007ff93b1ae000 	C:\Windows\system32\apphelp.dll
0x00007ff921d40000 - 0x00007ff921d93000 	C:\Windows\AppPatch\AppPatch64\AcGenral.DLL
0x00007ff93e1e0000 - 0x00007ff93e28a000 	C:\Windows\system32\msvcrt.dll
0x00007ff93ce20000 - 0x00007ff93ce4e000 	C:\Windows\system32\SspiCli.dll
0x00007ff93e180000 - 0x00007ff93e1d4000 	C:\Windows\system32\SHLWAPI.dll
0x00007ff93dbe0000 - 0x00007ff93dd57000 	C:\Windows\system32\USER32.dll
0x00007ff93d320000 - 0x00007ff93d4b4000 	C:\Windows\system32\ole32.dll
0x00007ff93e3f0000 - 0x00007ff93f919000 	C:\Windows\system32\SHELL32.dll
0x00007ff93c590000 - 0x00007ff93c5b1000 	C:\Windows\SYSTEM32\USERENV.dll
0x00007ff93ddc0000 - 0x00007ff93de6a000 	C:\Windows\system32\ADVAPI32.dll
0x00007ff931900000 - 0x00007ff93191e000 	C:\Windows\SYSTEM32\MPR.dll
0x00007ff93daa0000 - 0x00007ff93dbe0000 	C:\Windows\system32\RPCRT4.dll
0x00007ff93fbc0000 - 0x00007ff93fc19000 	C:\Windows\SYSTEM32\sechost.dll
0x00007ff93d880000 - 0x00007ff93da92000 	C:\Windows\SYSTEM32\combase.dll
0x00007ff93f920000 - 0x00007ff93fa6b000 	C:\Windows\system32\GDI32.dll
0x00007ff93cd50000 - 0x00007ff93cd65000 	C:\Windows\SYSTEM32\profapi.dll
0x00007ff93b5f0000 - 0x00007ff93b6a2000 	C:\Windows\SYSTEM32\SHCORE.dll
0x00007ff93dd80000 - 0x00007ff93ddb6000 	C:\Windows\system32\IMM32.DLL
0x00007ff93e290000 - 0x00007ff93e3e1000 	C:\Windows\system32\MSCTF.dll
0x00007ff93add0000 - 0x00007ff93b04b000 	C:\Windows\WinSxS\amd64_microsoft.windows.common-controls_6595b64144ccf1df_6.0.9600.18006_none_623f33d3ecbe86e8\COMCTL32.dll
0x000000005a610000 - 0x000000005a6e2000 	C:\Program Files\Java\jre1.8.0_161\bin\msvcr100.dll
0x0000000057be0000 - 0x000000005847f000 	C:\Program Files\Java\jre1.8.0_161\bin\server\jvm.dll
0x00007ff933860000 - 0x00007ff933869000 	C:\Windows\SYSTEM32\WSOCK32.dll
0x00007ff92c030000 - 0x00007ff92c052000 	C:\Windows\SYSTEM32\WINMM.dll
0x00007ff935340000 - 0x00007ff93534a000 	C:\Windows\SYSTEM32\VERSION.dll
0x00007ff93fbb0000 - 0x00007ff93fbb7000 	C:\Windows\system32\PSAPI.DLL
0x00007ff93d2c0000 - 0x00007ff93d31a000 	C:\Windows\system32\WS2_32.dll
0x00007ff92bd40000 - 0x00007ff92bd6a000 	C:\Windows\SYSTEM32\WINMMBASE.dll
0x00007ff93dd60000 - 0x00007ff93dd69000 	C:\Windows\system32\NSI.dll
0x00007ff93d260000 - 0x00007ff93d2af000 	C:\Windows\SYSTEM32\cfgmgr32.dll
0x00007ff93bb20000 - 0x00007ff93bb48000 	C:\Windows\SYSTEM32\DEVOBJ.dll
0x000000005a900000 - 0x000000005a90f000 	C:\Program Files\Java\jre1.8.0_161\bin\verify.dll
0x000000005a8d0000 - 0x000000005a8f9000 	C:\Program Files\Java\jre1.8.0_161\bin\java.dll
0x000000005a8b0000 - 0x000000005a8c6000 	C:\Program Files\Java\jre1.8.0_161\bin\zip.dll

VM Arguments:
jvm_args: -Dfile.encoding=Cp1251 
java_command: InvoiceMaker
java_class_path (initial): C:\Users\admin-vv\Google Диск\Scripts\eclipse\InvoiceMaker\bin;D:\poi-3.17\poi-3.17.jar;D:\poi-3.17\poi-examples-3.17.jar;D:\poi-3.17\poi-excelant-3.17.jar;D:\poi-3.17\poi-ooxml-3.17.jar;D:\poi-3.17\poi-ooxml-schemas-3.17.jar;D:\poi-3.17\poi-scratchpad-3.17.jar;D:\poi-3.17\ooxml-lib\xmlbeans-2.6.0.jar;D:\poi-3.17\lib\commons-collections4-4.1.jar
Launcher Type: SUN_STANDARD

Environment Variables:
JAVA_HOME=C:\Program Files\Java\jdk1.8.0_73
PATH=C:/Program Files/Java/jre1.8.0_161/bin/server;C:/Program Files/Java/jre1.8.0_161/bin;C:/Program Files/Java/jre1.8.0_161/lib/amd64;C:\ProgramData\Oracle\Java\javapath;\iCLS Client\;C:\Program Files\Intel\iCLS Client\;C:\Windows\system32;C:\Windows;C:\Windows\System32\Wbem;C:\Windows\System32\WindowsPowerShell\v1.0\;C:\Program Files (x86)\Intel\Intel(R) Management Engine Components\DAL;C:\Program Files\Intel\Intel(R) Management Engine Components\DAL;C:\Program Files (x86)\Intel\Intel(R) Management Engine Components\IPT;C:\Program Files\Intel\Intel(R) Management Engine Components\IPT;C:\Windows\idmu\common;C:\Dwimperl\perl\bin;C:\Dwimperl\perl\site\bin;C:\Dwimperl\c\bin;D:\Microsoft SQL Server\Client SDK\ODBC\110\Tools\Binn\;D:\Microsoft SQL Server\110\Tools\Binn\;C:\Program Files (x86)\Microsoft SQL Server\Client SDK\ODBC\130\Tools\Binn\;C:\Program Files (x86)\Microsoft SQL Server\130\Tools\Binn\;C:\Program Files (x86)\Microsoft SQL Server\130\DTS\Binn\;C:\Program Files (x86)\Microsoft SQL Server\130\Tools\Binn\ManagementStudio\;C:\Program Files (x86)\Skype\Phone\;C:\Program Files (x86)\Microsoft SQL Server\140\Tools\Binn\;C:\Program Files (x86)\Microsoft SQL Server\140\DTS\Binn\;C:\Program Files (x86)\Microsoft SQL Server\140\Tools\Binn\ManagementStudio\;D:\eclipse-java-neon-3-win32-x86_64\eclipse;
USERNAME=admin-vv
OS=Windows_NT
PROCESSOR_IDENTIFIER=Intel64 Family 6 Model 94 Stepping 3, GenuineIntel



---------------  S Y S T E M  ---------------

OS: Windows 8.1 , 64 bit Build 9600 (6.3.9600.17415)

CPU:total 4 (initial active 4) (2 cores per cpu, 2 threads per core) family 6 model 94 stepping 3, cmov, cx8, fxsr, mmx, sse, sse2, sse3, ssse3, sse4.1, sse4.2, popcnt, avx, avx2, aes, clmul, erms, 3dnowpref, lzcnt, ht, tsc, tscinvbit, bmi1, bmi2, adx

Memory: 4k page, physical 8240464k(518400k free), swap 11386192k(5136k free)

vm_info: Java HotSpot(TM) 64-Bit Server VM (25.161-b12) for windows-amd64 JRE (1.8.0_161-b12), built on Dec 19 2017 17:52:25 by "java_re" with MS VC++ 10.0 (VS2010)

time: Tue Feb 06 18:41:50 2018
elapsed time: 6 seconds (0d 0h 0m 6s)

