JvmtiExport can_access_local_variables 0
JvmtiExport can_hotswap_or_post_breakpoint 0
JvmtiExport can_post_on_exceptions 0
# 280 ciObject found
ciMethod java/lang/Object <init> ()V 4097 1 831478 0 0
ciMethod java/lang/Object toString ()Ljava/lang/String; 0 0 1 0 -1
ciMethod java/lang/CharSequence length ()I 0 0 1 0 -1
ciMethod java/lang/CharSequence charAt (I)C 0 0 1 0 -1
ciMethod java/lang/CharSequence subSequence (II)Ljava/lang/CharSequence; 0 0 1 0 -1
ciMethod java/lang/CharSequence toString ()Ljava/lang/String; 0 0 1 0 -1
ciMethod java/lang/String <init> ([CII)V 3241 1 5759 0 -1
ciMethod java/lang/String <init> ([CZ)V 1593 1 32566 0 0
ciMethod java/lang/String length ()I 4097 1 559195 0 0
ciMethod java/lang/String charAt (I)C 4097 1 379073 0 128
ciMethod java/lang/String getChars (II[CI)V 2145 1 5401 0 320
ciMethod java/lang/String equals (Ljava/lang/Object;)Z 2153 9553 19175 0 -1
ciMethod java/lang/String hashCode ()I 2865 32769 1612 0 288
ciMethod java/lang/String indexOf (I)I 2065 1 82872 0 -1
ciMethod java/lang/String valueOf (Ljava/lang/Object;)Ljava/lang/String; 321 1 78 0 -1
ciMethod java/lang/String valueOf (I)Ljava/lang/String; 169 1 21 0 -1
ciMethod java/lang/System arraycopy (Ljava/lang/Object;ILjava/lang/Object;II)V 6145 1 768 0 -1
ciMethod java/lang/Thread currentThread ()Ljava/lang/Thread; 2049 1 256 0 -1
ciMethod java/lang/Thread interrupt ()V 0 0 1 0 -1
ciMethod java/lang/StringBuffer <init> ()V 4481 1 13796 0 -1
ciMethod java/lang/StringBuffer <init> (Ljava/lang/String;)V 196929 1 75600 0 1920
ciMethod java/lang/StringBuffer append (Ljava/lang/String;)Ljava/lang/StringBuffer; 2049 1 53941 0 0
ciMethod java/lang/StringBuffer toString ()Ljava/lang/String; 97 1 22552 0 1280
ciMethod java/lang/AbstractStringBuilder <init> (I)V 1089 1 78549 0 0
ciMethod java/lang/AbstractStringBuilder ensureCapacityInternal (I)V 2049 1 134449 0 672
ciMethod java/lang/AbstractStringBuilder newCapacity (I)I 977 1 8945 0 0
ciMethod java/lang/AbstractStringBuilder hugeCapacity (I)I 0 0 1 0 -1
ciMethod java/lang/AbstractStringBuilder append (Ljava/lang/String;)Ljava/lang/AbstractStringBuilder; 1977 1 5418 0 1024
ciMethod java/lang/AbstractStringBuilder appendNull ()Ljava/lang/AbstractStringBuilder; 0 0 1 0 -1
ciMethod java/lang/StringBuilder <init> ()V 937 1 13174 0 0
ciMethod java/lang/StringBuilder <init> (Ljava/lang/String;)V 289 1 36 0 -1
ciMethod java/lang/StringBuilder append (Ljava/lang/Object;)Ljava/lang/StringBuilder; 321 1 71 0 0
ciMethod java/lang/StringBuilder append (Ljava/lang/String;)Ljava/lang/StringBuilder; 1857 1 9611 0 0
ciMethod java/lang/StringBuilder append (I)Ljava/lang/StringBuilder; 0 0 24 0 -1
ciMethod java/lang/StringBuilder toString ()Ljava/lang/String; 977 1 4017 0 0
ciMethod java/lang/Float toString (F)Ljava/lang/String; 25 1 3 0 -1
ciMethod java/lang/Float toString ()Ljava/lang/String; 25 1 3 0 0
ciMethod java/lang/NullPointerException <init> (Ljava/lang/String;)V 0 0 1 0 -1
ciMethod java/lang/Math min (II)I 3961 1 81960 0 -1
ciMethod java/util/Arrays copyOf ([CI)[C 1209 1 11888 0 0
ciMethod java/util/Arrays copyOfRange ([CII)[C 3153 1 5691 0 512
ciMethod java/util/Iterator hasNext ()Z 0 0 1 0 -1
ciMethod java/util/Iterator next ()Ljava/lang/Object; 0 0 1 0 -1
ciMethod java/io/FileInputStream <init> (Ljava/lang/String;)V 25 1 3 0 -1
ciMethod java/io/OutputStream flush ()V 841 1 105 0 -1
ciMethod java/io/PrintStream ensureOpen ()V 1233 1 154 0 -1
ciMethod java/io/PrintStream write (Ljava/lang/String;)V 393 1 49 0 -1
ciMethod java/io/PrintStream newLine ()V 225 1 28 0 -1
ciMethod java/io/PrintStream print (Ljava/lang/String;)V 393 1 49 0 -1
ciMethod java/io/PrintStream println (Ljava/lang/String;)V 225 1 28 0 0
ciMethod java/io/OutputStreamWriter flushBuffer ()V 617 1 77 0 -1
ciMethod java/io/Writer write (Ljava/lang/String;)V 617 1 77 0 -1
ciMethod java/io/Writer write (Ljava/lang/String;II)V 0 0 1 0 -1
ciMethod java/io/BufferedWriter flushBuffer ()V 617 1 77 0 -1
ciMethod java/nio/file/Path toString ()Ljava/lang/String; 0 0 1 0 -1
ciMethodData java/lang/Object <init> ()V 2 831478 orig 264 152 82 28 88 0 0 0 0 104 4 13 22 0 0 0 0 32 1 0 0 0 0 0 0 0 0 0 0 0 0 0 0 0 0 0 0 0 0 0 0 0 0 0 0 0 0 0 0 0 0 0 0 0 0 0 0 0 0 0 0 0 0 0 0 0 0 0 0 0 0 0 0 0 0 0 0 0 0 0 0 77 68 79 32 101 120 116 114 97 32 100 97 116 97 32 108 111 99 107 0 0 0 0 0 0 0 0 0 0 0 0 0 0 0 0 0 0 0 0 0 0 0 0 0 0 0 0 0 0 0 0 0 0 0 0 0 0 0 0 0 0 0 0 0 0 0 0 0 0 0 0 0 0 0 0 0 0 0 0 0 0 0 0 0 0 0 0 0 0 0 0 0 0 0 0 0 0 0 0 0 0 0 0 0 1 0 0 0 0 0 0 0 1 0 0 0 0 0 0 0 1 0 0 0 0 0 0 0 0 0 0 0 0 0 0 0 0 2 0 0 177 111 101 0 1 0 0 0 0 0 0 0 0 0 0 0 2 0 0 0 0 0 3 0 1 0 0 0 0 0 0 0 255 255 255 255 0 0 0 0 0 0 0 0 data 0 oops 0
ciMethodData java/lang/String charAt (I)C 2 379073 orig 264 152 82 28 88 0 0 0 0 240 59 13 22 0 0 0 0 120 1 0 0 32 0 0 0 0 0 0 0 0 0 0 0 0 0 0 0 0 0 0 0 0 0 0 0 0 0 0 0 0 0 0 0 0 0 0 0 0 0 0 0 0 0 0 0 0 0 0 0 0 0 0 0 0 0 0 0 0 0 0 0 77 68 79 32 101 120 116 114 97 32 100 97 116 97 32 108 111 99 107 0 0 0 0 0 0 0 0 0 0 0 0 0 0 0 0 0 0 0 0 0 0 0 0 0 0 0 0 0 0 0 0 0 0 0 0 0 0 0 0 0 0 0 0 0 0 0 0 0 0 0 0 0 0 0 0 0 0 0 0 0 0 0 0 0 0 0 0 0 0 0 0 0 0 0 0 0 0 0 0 0 0 0 0 0 25 0 0 0 0 0 0 0 0 0 0 0 0 0 0 0 1 0 0 0 0 0 0 0 0 0 0 0 0 0 0 0 0 2 0 0 9 54 46 0 1 0 0 0 0 0 0 0 0 0 0 0 2 0 0 0 0 0 8 0 2 0 0 0 80 0 0 0 255 255 255 255 7 0 1 0 0 0 0 0 data 10 0x10007 0x0 0x40 0x5c6c1 0xa0007 0x5c6c1 0x30 0x0 0x120002 0x0 oops 0
ciMethodData java/lang/String hashCode ()I 2 20490 orig 264 152 82 28 88 0 0 0 0 40 77 13 22 0 0 0 0 152 1 0 0 32 0 0 0 0 0 0 0 0 0 0 0 0 0 0 0 0 0 0 0 0 0 0 0 0 0 0 0 0 0 0 0 0 0 0 0 0 0 0 0 0 0 0 0 0 0 0 0 0 0 0 0 0 0 0 0 0 0 0 0 77 68 79 32 101 120 116 114 97 32 100 97 116 97 32 108 111 99 107 0 0 0 0 0 0 0 0 0 0 0 0 0 0 0 0 0 0 0 0 0 0 0 0 0 0 0 0 0 0 0 0 0 0 0 0 0 0 0 0 0 0 0 0 0 0 0 0 0 0 0 0 0 0 0 0 0 0 0 0 0 0 0 0 0 0 0 0 0 0 0 0 0 0 0 0 0 0 0 0 0 0 0 0 0 1 0 0 0 0 0 0 0 0 0 0 0 0 0 0 0 1 0 0 0 0 0 0 0 0 0 0 0 0 0 0 0 0 16 0 0 49 39 0 0 81 0 2 0 0 0 0 0 0 0 0 0 2 0 0 0 1 0 11 0 2 0 0 0 120 0 0 0 255 255 255 255 7 0 6 0 0 0 0 0 data 15 0x60007 0x2af 0x78 0x237 0xe0007 0x4 0x58 0x233 0x1e0007 0x233 0x38 0x3fce 0x2d0003 0x3fce 0xffffffffffffffe0 oops 0
ciMethodData java/lang/String length ()I 2 559440 orig 264 152 82 28 88 0 0 0 0 176 58 13 22 0 0 0 0 32 1 0 0 0 0 0 0 0 0 0 0 0 0 0 0 0 0 0 0 0 0 0 0 0 0 0 0 0 0 0 0 0 0 0 0 0 0 0 0 0 0 0 0 0 0 0 0 0 0 0 0 0 0 0 0 0 0 0 0 0 0 0 0 77 68 79 32 101 120 116 114 97 32 100 97 116 97 32 108 111 99 107 0 0 0 0 0 0 0 0 0 0 0 0 0 0 0 0 0 0 0 0 0 0 0 0 0 0 0 0 0 0 0 0 0 0 0 0 0 0 0 0 0 0 0 0 0 0 0 0 0 0 0 0 0 0 0 0 0 0 0 0 0 0 0 0 0 0 0 0 0 0 0 0 0 0 0 0 0 0 0 0 0 0 0 0 0 1 0 0 0 0 0 0 0 0 0 0 0 0 0 0 0 1 0 0 0 0 0 0 0 0 0 0 0 0 0 0 0 0 2 0 0 129 58 68 0 1 0 0 0 0 0 0 0 0 0 0 0 2 0 0 0 0 0 3 0 1 0 0 0 0 0 0 0 255 255 255 255 0 0 0 0 0 0 0 0 data 0 oops 0
ciMethod java/io/IOException <init> (Ljava/lang/String;)V 9 1 8 0 -1
ciMethodData java/lang/AbstractStringBuilder ensureCapacityInternal (I)V 2 134449 orig 264 152 82 28 88 0 0 0 0 72 251 19 22 0 0 0 0 144 1 0 0 0 0 0 0 0 0 0 0 0 0 0 0 0 0 0 0 0 0 0 0 0 0 0 0 0 0 0 0 0 0 0 0 0 0 0 0 0 0 0 0 0 0 0 0 0 0 0 0 0 0 0 0 0 0 0 0 0 0 0 0 77 68 79 32 101 120 116 114 97 32 100 97 116 97 32 108 111 99 107 0 0 0 0 0 0 0 0 0 0 0 0 0 0 0 0 0 0 0 0 0 0 0 0 0 0 0 0 0 0 0 0 0 0 0 0 0 0 0 0 0 0 0 0 0 0 0 0 0 0 0 0 0 0 0 0 0 0 0 0 0 0 0 0 0 0 0 0 0 0 0 0 0 0 0 0 0 0 0 0 0 0 0 0 0 17 0 0 0 0 0 0 0 0 0 0 0 0 0 0 0 1 0 0 0 0 0 0 0 0 0 0 0 0 0 0 0 0 1 0 0 137 97 16 0 1 0 0 0 0 0 0 0 0 0 0 0 2 0 0 0 0 0 11 0 2 0 0 0 64 0 0 0 255 255 255 255 7 0 7 0 0 0 0 0 data 8 0x70007 0x1e9ba 0x40 0x2277 0x110002 0x2277 0x140002 0x2277 oops 0
ciMethodData java/lang/AbstractStringBuilder newCapacity (I)I 2 8945 orig 264 152 82 28 88 0 0 0 0 248 251 19 22 0 0 0 0 176 1 0 0 64 0 0 0 0 0 0 0 0 0 0 0 0 0 0 0 0 0 0 0 0 0 0 0 0 0 0 0 0 0 0 0 0 0 0 0 0 0 0 0 0 0 0 0 0 0 0 0 0 0 0 0 0 0 0 0 0 0 0 0 77 68 79 32 101 120 116 114 97 32 100 97 116 97 32 108 111 99 107 0 0 0 0 0 0 0 0 0 0 0 0 0 0 0 0 0 0 0 0 0 0 0 0 0 0 0 0 0 0 0 0 0 0 0 0 0 0 0 0 0 0 0 0 0 0 0 0 0 0 0 0 0 0 0 0 0 0 0 0 0 0 0 0 0 0 0 0 0 0 0 0 0 0 0 0 0 0 0 0 0 0 0 0 0 17 0 0 0 0 0 0 0 0 0 0 0 0 0 0 0 1 0 0 0 0 0 0 0 0 0 0 0 0 0 0 0 122 0 0 0 185 19 1 0 1 0 0 0 0 0 0 0 0 0 0 0 2 0 0 0 0 0 18 0 2 0 0 0 136 0 0 0 255 255 255 255 7 0 13 0 0 0 0 0 data 17 0xd0007 0x536 0x20 0x1d41 0x130007 0x0 0x40 0x2277 0x1a0007 0x2277 0x48 0x0 0x1f0002 0x0 0x220003 0x0 0x18 oops 0
ciMethodData java/util/Arrays copyOf ([CI)[C 2 11888 orig 264 152 82 28 88 0 0 0 0 0 253 29 22 0 0 0 0 112 1 0 0 0 0 0 0 0 0 0 0 0 0 0 0 0 0 0 0 0 0 0 0 0 0 0 0 0 0 0 0 0 0 0 0 0 0 0 0 0 0 0 0 0 0 0 0 0 0 0 0 0 0 0 0 0 0 0 0 0 0 0 0 77 68 79 32 101 120 116 114 97 32 100 97 116 97 32 108 111 99 107 0 0 0 0 0 0 0 0 0 0 0 0 0 0 0 0 0 0 0 0 0 0 0 0 0 0 0 0 0 0 0 0 0 0 0 0 0 0 0 0 0 0 0 0 0 0 0 0 0 0 0 0 0 0 0 0 0 0 0 0 0 0 0 0 0 0 0 0 0 0 0 0 0 0 0 0 0 0 0 0 0 0 0 0 0 0 0 0 0 0 0 0 0 0 0 0 0 0 0 0 0 0 0 0 0 0 0 0 0 0 0 0 0 0 0 0 0 151 0 0 0 201 110 1 0 1 0 0 0 0 0 0 0 0 0 0 0 2 0 0 0 0 0 7 0 2 0 0 0 32 0 0 0 255 255 255 255 2 0 11 0 0 0 0 0 data 4 0xb0002 0x2dd9 0xe0002 0x2dd9 oops 0
ciMethodData java/lang/String getChars (II[CI)V 2 5401 orig 264 152 82 28 88 0 0 0 0 16 64 13 22 0 0 0 0 8 2 0 0 128 0 0 0 0 0 0 0 0 0 0 0 0 0 0 0 0 0 0 0 0 0 0 0 0 0 0 0 0 0 0 0 0 0 0 0 0 0 0 0 0 0 0 0 0 0 0 0 0 0 0 0 0 0 0 0 0 0 0 0 77 68 79 32 101 120 116 114 97 32 100 97 116 97 32 108 111 99 107 0 0 0 0 0 0 0 0 0 0 0 0 0 0 0 0 0 0 0 0 0 0 0 0 0 0 0 0 0 0 0 0 0 0 0 0 0 0 0 0 0 0 0 0 0 0 0 0 0 0 0 0 0 0 0 0 0 0 0 0 0 0 0 0 0 0 0 0 0 0 0 0 0 0 0 0 0 0 0 0 0 0 0 0 0 25 0 0 0 0 0 0 0 0 0 0 0 0 0 0 0 1 0 0 0 0 0 0 0 0 0 0 0 0 0 0 0 12 1 0 0 105 160 0 0 1 0 0 0 0 0 0 0 0 0 0 0 2 0 0 0 0 0 9 0 2 0 0 0 160 0 0 0 255 255 255 255 7 0 1 0 0 0 0 0 data 20 0x10007 0x140d 0x30 0x0 0x90002 0x0 0x130007 0x140d 0x30 0x0 0x1b0002 0x0 0x210007 0x140d 0x30 0x0 0x2b0002 0x0 0x3a0002 0x140d oops 0
ciMethodData java/util/Arrays copyOfRange ([CII)[C 2 5691 orig 264 152 82 28 88 0 0 0 0 80 4 30 22 0 0 0 0 120 2 0 0 240 0 0 0 0 0 0 0 0 0 0 0 0 0 0 0 0 0 0 0 0 0 0 0 0 0 0 0 0 0 0 0 0 0 0 0 0 0 0 0 0 0 0 0 0 0 0 0 0 0 0 0 0 0 0 0 0 0 0 0 77 68 79 32 101 120 116 114 97 32 100 97 116 97 32 108 111 99 107 0 0 0 0 0 0 0 0 0 0 0 0 0 0 0 0 0 0 0 0 0 0 0 0 0 0 0 0 0 0 0 0 0 0 0 0 0 0 0 0 0 0 0 0 0 0 0 0 0 0 0 0 0 0 0 0 0 0 0 0 0 0 0 0 0 0 0 0 0 0 0 0 0 0 0 0 0 0 0 0 0 0 0 0 0 29 0 0 0 0 0 0 0 0 0 0 0 0 0 0 0 0 0 0 0 0 0 0 0 0 0 0 0 0 0 0 0 138 1 0 0 137 165 0 0 1 0 0 0 0 0 0 0 0 0 0 0 2 0 0 0 0 0 9 0 2 0 0 0 32 1 0 0 255 255 255 255 7 0 5 0 0 0 0 0 data 36 0x50007 0x14b1 0x100 0x0 0x100002 0x0 0x140005 0x0 0x0 0x0 0x0 0x0 0x190005 0x0 0x0 0x0 0x0 0x0 0x1d0005 0x0 0x0 0x0 0x0 0x0 0x200005 0x0 0x0 0x0 0x0 0x0 0x230002 0x0 0x360002 0x14b1 0x390002 0x14b1 oops 0
ciMethodData java/lang/StringBuilder <init> ()V 2 13174 orig 264 152 82 28 88 0 0 0 0 104 51 20 22 0 0 0 0 48 1 0 0 0 0 0 0 0 0 0 0 0 0 0 0 0 0 0 0 0 0 0 0 0 0 0 0 0 0 0 0 0 0 0 0 0 0 0 0 0 0 0 0 0 0 0 0 0 0 0 0 0 0 0 0 0 0 0 0 0 0 0 0 77 68 79 32 101 120 116 114 97 32 100 97 116 97 32 108 111 99 107 0 0 0 0 0 0 0 0 0 0 0 0 0 0 0 0 0 0 0 0 0 0 0 0 0 0 0 0 0 0 0 0 0 0 0 0 0 0 0 0 0 0 0 0 0 0 0 0 0 0 0 0 0 0 0 0 0 0 0 0 0 0 0 0 0 0 0 0 0 0 0 0 0 0 0 0 0 0 0 0 0 0 0 0 0 0 0 0 0 0 0 0 0 0 0 0 0 0 0 0 0 0 0 0 0 0 0 0 0 0 0 0 0 0 0 0 0 117 0 0 0 9 152 1 0 1 0 0 0 0 0 0 0 0 0 0 0 2 0 0 0 0 0 3 0 2 0 0 0 16 0 0 0 255 255 255 255 2 0 3 0 0 0 0 0 data 2 0x30002 0x3301 oops 0
ciMethodData java/lang/AbstractStringBuilder <init> (I)V 2 78794 orig 264 152 82 28 88 0 0 0 0 232 248 19 22 0 0 0 0 56 1 0 0 0 0 0 0 0 0 0 0 0 0 0 0 0 0 0 0 0 0 0 0 0 0 0 0 0 0 0 0 0 0 0 0 0 0 0 0 0 0 0 0 0 0 0 0 0 0 0 0 0 0 0 0 0 0 0 0 0 0 0 0 77 68 79 32 101 120 116 114 97 32 100 97 116 97 32 108 111 99 107 0 0 0 0 0 0 0 0 0 0 0 0 0 0 0 0 0 0 0 0 0 0 0 0 0 0 0 0 0 0 0 0 0 0 0 0 0 0 0 0 0 0 0 0 0 0 0 0 0 0 0 0 0 0 0 0 0 0 0 0 0 0 0 0 0 0 0 0 0 0 0 0 0 0 0 0 0 0 0 0 0 0 0 0 0 0 0 0 0 0 0 0 0 0 0 0 0 0 0 0 0 0 0 0 0 0 0 0 0 0 0 0 0 0 0 0 0 136 0 0 0 17 154 9 0 1 0 0 0 0 0 0 0 0 0 0 0 2 0 0 0 0 0 3 0 2 0 0 0 16 0 0 0 255 255 255 255 2 0 1 0 0 0 0 0 data 2 0x10002 0x13342 oops 0
ciMethodData java/lang/StringBuilder append (Ljava/lang/String;)Ljava/lang/StringBuilder; 2 9611 orig 264 152 82 28 88 0 0 0 0 96 54 20 22 0 0 0 0 56 1 0 0 0 0 0 0 0 0 0 0 0 0 0 0 0 0 0 0 0 0 0 0 0 0 0 0 0 0 0 0 0 0 0 0 0 0 0 0 0 0 0 0 0 0 0 0 0 0 0 0 0 0 0 0 0 0 0 0 0 0 0 0 77 68 79 32 101 120 116 114 97 32 100 97 116 97 32 108 111 99 107 0 0 0 0 0 0 0 0 0 0 0 0 0 0 0 0 0 0 0 0 0 0 0 0 0 0 0 0 0 0 0 0 0 0 0 0 0 0 0 0 0 0 0 0 0 0 0 0 0 0 0 0 0 0 0 0 0 0 0 0 0 0 0 0 0 0 0 0 0 0 0 0 0 0 0 0 0 0 0 0 0 0 0 0 0 0 0 0 0 0 0 0 0 0 0 0 0 0 0 0 0 0 0 0 0 0 0 0 0 0 0 0 0 0 0 0 0 232 0 0 0 25 37 1 0 1 0 0 0 0 0 0 0 0 0 0 0 2 0 0 0 0 0 3 0 2 0 0 0 16 0 0 0 255 255 255 255 2 0 2 0 0 0 0 0 data 2 0x20002 0x24a3 oops 0
ciMethodData java/lang/AbstractStringBuilder append (Ljava/lang/String;)Ljava/lang/AbstractStringBuilder; 2 5418 orig 264 152 82 28 88 0 0 0 0 48 4 20 22 0 0 0 0 240 1 0 0 32 0 0 0 0 0 0 0 0 0 0 0 0 0 0 0 0 0 0 0 0 0 0 0 0 0 0 0 0 0 0 0 0 0 0 0 0 0 0 0 0 0 0 0 0 0 0 0 0 0 0 0 0 0 0 0 0 0 0 0 77 68 79 32 101 120 116 114 97 32 100 97 116 97 32 108 111 99 107 0 0 0 0 0 0 0 0 0 0 0 0 0 0 0 0 0 0 0 0 0 0 0 0 0 0 0 0 0 0 0 0 0 0 0 0 0 0 0 0 0 0 0 0 0 0 0 0 0 0 0 0 0 0 0 0 0 0 0 0 0 0 0 0 0 0 0 0 0 0 0 0 0 0 0 0 0 0 0 0 0 0 0 0 0 0 0 0 0 0 0 0 0 0 0 0 0 0 0 0 0 0 0 0 0 0 0 0 0 0 0 0 0 0 0 0 0 247 0 0 0 153 161 0 0 1 0 0 0 0 0 0 0 0 0 0 0 2 0 0 0 0 0 14 0 2 0 0 0 160 0 0 0 255 255 255 255 7 0 1 0 0 0 0 0 data 20 0x10007 0x1433 0x30 0x0 0x50002 0x0 0xa0005 0x8c 0x1eef360 0x13a7 0x0 0x0 0x150002 0x1433 0x230005 0x8c 0x1eef360 0x13a7 0x0 0x0 oops 2 8 java/lang/String 16 java/lang/String
ciMethodData java/lang/StringBuilder toString ()Ljava/lang/String; 2 4017 orig 264 152 82 28 88 0 0 0 0 128 73 20 22 0 0 0 0 48 1 0 0 0 0 0 0 0 0 0 0 0 0 0 0 0 0 0 0 0 0 0 0 0 0 0 0 0 0 0 0 0 0 0 0 0 0 0 0 0 0 0 0 0 0 0 0 0 0 0 0 0 0 0 0 0 0 0 0 0 0 0 0 77 68 79 32 101 120 116 114 97 32 100 97 116 97 32 108 111 99 107 0 0 0 0 0 0 0 0 0 0 0 0 0 0 0 0 0 0 0 0 0 0 0 0 0 0 0 0 0 0 0 0 0 0 0 0 0 0 0 0 0 0 0 0 0 0 0 0 0 0 0 0 0 0 0 0 0 0 0 0 0 0 0 0 0 0 0 0 0 0 0 0 0 0 0 0 0 0 0 0 0 0 0 0 0 0 0 0 0 0 0 0 0 0 0 0 0 0 0 0 0 0 0 0 0 0 0 0 0 0 0 0 0 0 0 0 0 122 0 0 0 185 121 0 0 1 0 0 0 0 0 0 0 0 0 0 0 2 0 0 0 0 0 3 0 2 0 0 0 16 0 0 0 255 255 255 255 2 0 13 0 0 0 0 0 data 2 0xd0002 0xf37 oops 0
ciMethodData java/lang/StringBuffer toString ()Ljava/lang/String; 2 22552 orig 264 152 82 28 88 0 0 0 0 208 209 19 22 0 0 0 0 136 1 0 0 32 0 0 0 0 0 0 0 0 0 0 0 0 0 0 0 0 0 0 0 0 0 0 0 0 0 0 0 0 0 0 0 0 0 0 0 0 0 0 0 0 0 0 0 0 0 0 0 0 0 0 0 0 0 0 0 0 0 0 0 77 68 79 32 101 120 116 114 97 32 100 97 116 97 32 108 111 99 107 0 0 0 0 0 0 0 0 0 0 0 0 0 0 0 0 0 0 0 0 0 0 0 0 0 0 0 0 0 0 0 0 0 0 0 0 0 0 0 0 0 0 0 0 0 0 0 0 0 0 0 0 0 0 0 0 0 0 0 0 0 0 0 0 0 0 0 0 0 0 0 0 0 0 0 0 0 0 0 0 0 0 0 0 0 29 0 0 0 0 0 0 0 0 0 0 0 0 0 0 0 1 0 0 0 0 0 0 0 0 0 0 0 0 0 0 0 12 0 0 0 97 192 2 0 1 0 0 0 0 0 0 0 0 0 0 0 2 0 0 0 0 0 6 0 2 0 0 0 64 0 0 0 255 255 255 255 7 0 4 0 0 0 0 0 data 8 0x40007 0x5 0x30 0x5807 0x110002 0x5807 0x200002 0x580c oops 0
ciMethodData java/lang/AbstractStringBuilder appendNull ()Ljava/lang/AbstractStringBuilder; 1 0 orig 264 152 82 28 88 0 0 0 0 48 7 20 22 0 0 0 0 48 1 0 0 0 0 0 0 0 0 0 0 0 0 0 0 0 0 0 0 0 0 0 0 0 0 0 0 0 0 0 0 0 0 0 0 0 0 0 0 0 0 0 0 0 0 0 0 0 0 0 0 0 0 0 0 0 0 0 0 0 0 0 0 77 68 79 32 101 120 116 114 97 32 100 97 116 97 32 108 111 99 107 0 0 0 0 0 0 0 0 0 0 0 0 0 0 0 0 0 0 0 0 0 0 0 0 0 0 0 0 0 0 0 0 0 0 0 0 0 0 0 0 0 0 0 0 0 0 0 0 0 0 0 0 0 0 0 0 0 0 0 0 0 0 0 0 0 0 0 0 0 0 0 0 0 0 0 0 0 0 0 0 0 0 0 0 0 19 0 0 0 0 0 0 0 0 0 0 0 0 0 0 0 1 0 0 0 0 0 0 0 1 0 0 0 0 0 0 0 0 0 0 0 1 0 0 0 1 0 0 0 0 0 0 0 0 0 0 0 2 0 0 0 0 0 0 0 0 0 0 0 16 0 0 0 255 255 255 255 2 0 9 0 0 0 0 0 data 2 0x90002 0x0 oops 0
ciMethod java/util/regex/Pattern compile (Ljava/lang/String;)Ljava/util/regex/Pattern; 2873 1 565 0 -1
ciMethod java/util/regex/Pattern matcher (Ljava/lang/CharSequence;)Ljava/util/regex/Matcher; 3073 1 7542 0 -1
ciMethod java/util/regex/Pattern$Node match (Ljava/util/regex/Matcher;ILjava/lang/CharSequence;)Z 3481 1 1640 0 -1
ciMethod java/util/regex/Pattern$GroupHead match (Ljava/util/regex/Matcher;ILjava/lang/CharSequence;)Z 2049 1 39701 0 0
ciMethod java/util/regex/Pattern$Single isSatisfiedBy (I)Z 3289 1 7764 0 0
ciMethod java/util/regex/Pattern$BmpCharProperty match (Ljava/util/regex/Matcher;ILjava/lang/CharSequence;)Z 2105 1 8112 0 480
ciMethod java/util/regex/Pattern$CharProperty isSatisfiedBy (I)Z 0 0 1 0 -1
ciMethod java/util/regex/Pattern$Start match (Ljava/util/regex/Matcher;ILjava/lang/CharSequence;)Z 2273 16449 17496 0 0
ciMethod java/util/regex/Matcher reset ()Ljava/util/regex/Matcher; 849 16993 919 0 -1
ciMethod java/util/regex/Matcher group ()Ljava/lang/String; 200737 1 71422 0 64
ciMethod java/util/regex/Matcher group (I)Ljava/lang/String; 2049 1 31055 0 2112
ciMethod java/util/regex/Matcher groupCount ()I 2049 1 31137 0 -1
ciMethod java/util/regex/Matcher find ()Z 2057 1 19770 0 1760
ciMethod java/util/regex/Matcher appendReplacement (Ljava/lang/StringBuffer;Ljava/lang/String;)Ljava/util/regex/Matcher; 13113 131073 10891 0 -1
ciMethod java/util/regex/Matcher appendTail (Ljava/lang/StringBuffer;)Ljava/lang/StringBuffer; 9 1 13347 0 -1
ciMethod java/util/regex/Matcher replaceFirst (Ljava/lang/String;)Ljava/lang/String; 201025 1 37962 0 5312
ciMethod java/util/regex/Matcher search (I)Z 1641 32769 17496 0 1696
ciMethod java/util/regex/Matcher getTextLength ()I 4233 1 14265 0 -1
ciMethod java/util/regex/Matcher getSubSequence (II)Ljava/lang/CharSequence; 2041 1 31055 0 -1
ciMethod java/lang/IllegalStateException <init> (Ljava/lang/String;)V 0 0 1 0 -1
ciMethodData java/lang/String <init> ([CZ)V 2 32566 orig 264 152 82 28 88 0 0 0 0 32 58 13 22 0 0 0 0 64 1 0 0 0 0 0 0 0 0 0 0 0 0 0 0 0 0 0 0 0 0 0 0 0 0 0 0 0 0 0 0 0 0 0 0 0 0 0 0 0 0 0 0 0 0 0 0 0 0 0 0 0 0 0 0 0 0 0 0 0 0 0 0 77 68 79 32 101 120 116 114 97 32 100 97 116 97 32 108 111 99 107 0 0 0 0 0 0 0 0 0 0 0 0 0 0 0 0 0 0 0 0 0 0 0 0 0 0 0 0 0 0 0 0 0 0 0 0 0 0 0 0 0 0 0 0 0 0 0 0 0 0 0 0 0 0 0 0 0 0 0 0 0 0 0 0 0 0 0 0 0 0 0 0 0 0 0 0 0 0 0 0 0 0 0 0 0 0 0 0 0 0 0 0 0 0 0 0 0 0 0 0 0 0 0 0 0 0 0 0 0 0 0 0 0 0 0 0 0 199 0 0 0 121 243 3 0 1 0 0 0 0 0 0 0 0 0 0 0 2 0 0 0 0 0 3 0 2 0 0 0 16 0 0 0 255 255 255 255 2 0 1 0 0 0 0 0 data 2 0x10002 0x7e6f oops 0
ciMethodData java/lang/StringBuffer append (Ljava/lang/String;)Ljava/lang/StringBuffer; 2 54191 orig 264 152 82 28 88 0 0 0 0 208 187 19 22 0 0 0 0 56 1 0 0 0 0 0 0 0 0 0 0 0 0 0 0 0 0 0 0 0 0 0 0 0 0 0 0 0 0 0 0 0 0 0 0 0 0 0 0 0 0 0 0 0 0 0 0 0 0 0 0 0 0 0 0 0 0 0 0 0 0 0 0 77 68 79 32 101 120 116 114 97 32 100 97 116 97 32 108 111 99 107 0 0 0 0 0 0 0 0 0 0 0 0 0 0 0 0 0 0 0 0 0 0 0 0 0 0 0 0 0 0 0 0 0 0 0 0 0 0 0 0 0 0 0 0 0 0 0 0 0 0 0 0 0 0 0 0 0 0 0 0 0 0 0 0 0 0 0 0 0 0 0 0 0 0 0 0 0 0 0 0 0 0 0 0 0 0 0 0 0 0 0 0 0 0 0 0 0 0 0 0 0 0 0 0 0 0 0 0 0 0 0 0 0 0 0 0 0 0 1 0 0 121 149 6 0 1 0 0 0 0 0 0 0 0 0 0 0 2 0 0 0 0 0 3 0 2 0 0 0 16 0 0 0 255 255 255 255 2 0 7 0 0 0 0 0 data 2 0x70002 0xd2af oops 0
ciMethod org/apache/poi/ss/usermodel/Workbook getSheetAt (I)Lorg/apache/poi/ss/usermodel/Sheet; 0 0 1 0 -1
ciMethod org/apache/poi/xssf/usermodel/XSSFWorkbook <init> (Ljava/io/InputStream;)V 17 1 2 0 -1
ciMethod org/apache/poi/ss/usermodel/Sheet rowIterator ()Ljava/util/Iterator; 0 0 1 0 -1
ciMethodData java/util/regex/Matcher reset ()Ljava/util/regex/Matcher; 2 18654 orig 264 152 82 28 88 0 0 0 0 240 131 52 22 0 0 0 0 232 1 0 0 32 0 0 0 0 0 0 0 0 0 0 0 0 0 0 0 0 0 0 0 0 0 0 0 0 0 0 0 0 0 0 0 0 0 0 0 0 0 0 0 0 0 0 0 0 0 0 0 0 0 0 0 0 0 0 0 0 0 0 0 77 68 79 32 101 120 116 114 97 32 100 97 116 97 32 108 111 99 107 0 0 0 0 0 0 0 0 0 0 0 0 0 0 0 0 0 0 0 0 0 0 0 0 0 0 0 0 0 0 0 0 0 0 0 0 0 0 0 0 0 0 0 0 0 0 0 0 0 0 0 0 0 0 0 0 0 0 0 0 0 0 0 0 0 0 0 0 0 0 0 0 0 0 0 0 0 0 0 0 0 0 0 0 0 0 0 0 0 0 0 0 0 0 0 0 0 0 0 0 0 0 0 0 0 0 0 0 0 0 0 0 0 0 0 0 0 76 8 0 0 105 25 0 0 145 4 2 0 0 0 0 0 0 0 0 0 2 0 0 0 2 0 9 0 2 0 0 0 160 0 0 0 255 255 255 255 7 0 23 0 0 0 0 0 data 20 0x170007 0x32d 0x38 0x3f84 0x240003 0x3f84 0xffffffffffffffe0 0x2f0007 0x32d 0x38 0x10e 0x3c0003 0x10e 0xffffffffffffffe0 0x4b0005 0x6 0x1a0a76c0 0x327 0x0 0x0 oops 1 16 java/util/regex/Matcher
ciMethodData java/util/regex/Matcher getTextLength ()I 2 14265 orig 264 152 82 28 88 0 0 0 0 240 156 52 22 0 0 0 0 120 1 0 0 0 0 0 0 0 0 0 0 0 0 0 0 0 0 0 0 0 0 0 0 0 0 0 0 0 0 0 0 0 0 0 0 0 0 0 0 0 0 0 0 0 0 0 0 0 0 0 0 0 0 0 0 0 0 0 0 0 0 0 0 77 68 79 32 101 120 116 114 97 32 100 97 116 97 32 108 111 99 107 0 0 0 0 0 0 0 0 0 0 0 0 0 0 0 0 0 0 0 0 0 0 0 0 0 0 0 0 0 0 0 0 0 0 0 0 0 0 0 0 0 0 0 0 0 0 0 0 0 0 0 0 0 0 0 0 0 0 0 0 0 0 0 0 0 0 0 0 0 0 0 0 0 0 0 0 0 0 0 0 0 0 0 0 0 0 0 0 0 0 0 0 0 0 0 0 0 0 0 0 0 0 0 0 0 0 0 0 0 0 0 0 0 0 0 0 0 107 0 0 0 65 173 1 0 1 0 0 0 0 0 0 0 0 0 0 0 2 0 0 0 0 0 3 0 2 0 0 0 48 0 0 0 255 255 255 255 5 0 4 0 0 0 0 0 data 6 0x40005 0x0 0x1eef360 0x32d 0x16a5da60 0x327b oops 2 2 java/lang/String 4 java/lang/StringBuffer
ciMethodData java/util/regex/Pattern$BmpCharProperty match (Ljava/util/regex/Matcher;ILjava/lang/CharSequence;)Z 2 8112 orig 264 152 82 28 88 0 0 0 0 104 106 51 22 0 0 0 0 104 2 0 0 0 0 0 0 0 0 0 0 0 0 0 0 0 0 0 0 0 0 0 0 0 0 0 0 0 0 0 0 0 0 0 0 0 0 0 0 0 0 0 0 0 0 0 0 0 0 0 0 0 0 0 0 0 0 0 0 0 0 0 0 77 68 79 32 101 120 116 114 97 32 100 97 116 97 32 108 111 99 107 0 0 0 0 0 0 0 0 0 0 0 0 0 0 0 0 0 0 0 0 0 0 0 0 0 0 0 0 0 0 0 0 0 0 0 0 0 0 0 0 0 0 0 0 0 0 0 0 0 0 0 0 0 0 0 0 0 0 0 0 0 0 0 0 0 0 0 0 0 0 0 0 0 0 0 0 0 0 0 0 0 0 0 0 0 0 0 0 0 0 0 0 0 0 0 0 0 0 0 0 0 0 0 0 0 0 0 0 0 0 0 0 0 0 0 0 0 7 1 0 0 73 245 0 0 1 0 0 0 0 0 0 0 0 0 0 0 2 0 0 0 0 0 11 0 2 0 0 0 8 1 0 0 255 255 255 255 7 0 5 0 0 0 0 0 data 33 0x50007 0x0 0x108 0x1ea9 0xb0005 0x0 0x1eef360 0x1ea9 0x0 0x0 0x100005 0x30 0x198cddc0 0x1d4e 0x1a019770 0x12b 0x130007 0x1daf 0x88 0xfa 0x1f0005 0x14 0x198cde70 0x32 0x1a1aa6b0 0xb4 0x220007 0x12 0x38 0xe8 0x260003 0xe8 0x18 oops 5 6 java/lang/String 12 java/util/regex/Pattern$Single 14 java/util/regex/Pattern$Ctype 22 java/util/regex/Pattern$GroupHead 24 java/util/regex/Pattern$Node
ciMethodData java/util/regex/Pattern$Single isSatisfiedBy (I)Z 2 7764 orig 264 152 82 28 88 0 0 0 0 136 102 51 22 0 0 0 0 96 1 0 0 0 0 0 0 0 0 0 0 0 0 0 0 0 0 0 0 0 0 0 0 0 0 0 0 0 0 0 0 0 0 0 0 0 0 0 0 0 0 0 0 0 0 0 0 0 0 0 0 0 0 0 0 0 0 0 0 0 0 0 0 77 68 79 32 101 120 116 114 97 32 100 97 116 97 32 108 111 99 107 0 0 0 0 0 0 0 0 0 0 0 0 0 0 0 0 0 0 0 0 0 0 0 0 0 0 0 0 0 0 0 0 0 0 0 0 0 0 0 0 0 0 0 0 0 0 0 0 0 0 0 0 0 0 0 0 0 0 0 0 0 0 0 0 0 0 0 0 0 0 0 0 0 0 0 0 0 0 0 0 0 0 0 0 0 0 0 0 0 0 0 0 0 0 0 0 0 0 0 0 0 0 0 0 0 0 0 0 0 0 0 0 0 0 0 0 0 155 1 0 0 201 229 0 0 1 0 0 0 0 0 0 0 0 0 0 0 2 0 0 0 0 0 6 0 2 0 0 0 56 0 0 0 255 255 255 255 7 0 5 0 0 0 0 0 data 7 0x50007 0x1c8d 0x38 0x2c 0x90003 0x2c 0x18 oops 0
ciMethodData java/util/regex/Matcher search (I)Z 2 349920 orig 264 152 82 28 88 0 0 0 0 96 155 52 22 0 0 0 0 72 2 0 0 88 0 0 0 0 0 0 0 0 0 0 0 0 0 0 0 0 0 0 0 0 0 0 0 0 0 0 0 0 0 0 0 0 0 0 0 0 0 0 0 0 0 0 0 0 0 0 0 0 0 0 0 0 0 0 0 0 0 0 0 77 68 79 32 101 120 116 114 97 32 100 97 116 97 32 108 111 99 107 0 0 0 0 0 0 0 0 0 0 0 0 0 0 0 0 0 0 0 0 0 0 0 0 0 0 0 0 0 0 0 0 0 0 0 0 0 0 0 0 0 0 0 0 0 0 0 0 0 0 0 0 0 0 0 0 0 0 0 0 0 0 0 0 0 0 0 0 0 0 0 0 0 0 0 0 0 0 0 0 0 0 0 0 0 0 0 0 0 0 0 0 0 0 0 0 0 0 0 0 0 0 0 0 0 0 0 0 0 0 0 0 0 0 0 0 0 0 16 0 0 89 28 2 0 1 55 42 0 0 0 0 0 0 0 0 0 2 0 0 0 1 0 15 0 2 0 0 0 248 0 0 0 255 255 255 255 7 0 11 0 0 0 0 0 data 31 0xb0007 0x438b 0x38 0x0 0xf0003 0x0 0x18 0x1e0007 0x2153 0x38 0x2238 0x220003 0x2238 0x18 0x340007 0x438b 0x38 0x546dc 0x410003 0x546dc 0xffffffffffffffe0 0x560005 0x0 0x1a1ab5a0 0x438b 0x0 0x0 0x5b0007 0x42a6 0x20 0xe5 oops 1 23 java/util/regex/Pattern$Start
ciMethodData java/util/regex/Matcher find ()Z 2 19770 orig 264 152 82 28 88 0 0 0 0 232 140 52 22 0 0 0 0 16 2 0 0 64 0 0 0 0 0 0 0 0 0 0 0 0 0 0 0 0 0 0 0 0 0 0 0 0 0 0 0 0 0 0 0 0 0 0 0 0 0 0 0 0 0 0 0 0 0 0 0 0 0 0 0 0 0 0 0 0 0 0 0 77 68 79 32 101 120 116 114 97 32 100 97 116 97 32 108 111 99 107 0 0 0 0 0 0 0 0 0 0 0 0 0 0 0 0 0 0 0 0 0 0 0 0 0 0 0 0 0 0 0 0 0 0 0 0 0 0 0 0 0 0 0 0 0 0 0 0 0 0 0 0 0 0 0 0 0 0 0 0 0 0 0 0 0 0 0 0 0 0 0 0 0 0 0 0 0 0 0 0 0 0 0 0 0 0 0 0 0 0 0 0 0 0 0 0 0 0 0 0 0 0 0 0 0 0 0 0 0 0 0 0 0 0 0 0 0 1 1 0 0 201 97 2 0 1 0 0 0 0 0 0 0 0 0 0 0 2 0 0 0 1 0 14 0 2 0 0 0 200 0 0 0 255 255 255 255 7 0 10 0 0 0 0 0 data 25 0xa0007 0x4c39 0x20 0x0 0x150007 0x4c39 0x20 0x0 0x220007 0x4c39 0x58 0x0 0x2d0007 0x0 0x38 0x0 0x3a0003 0x0 0xffffffffffffffe0 0x410005 0x0 0x1a0a76c0 0x4c39 0x0 0x0 oops 1 21 java/util/regex/Matcher
ciMethodData java/util/regex/Matcher appendReplacement (Ljava/lang/StringBuffer;Ljava/lang/String;)Ljava/util/regex/Matcher; 2 108929 orig 264 152 82 28 88 0 0 0 0 216 145 52 22 0 0 0 0 80 13 0 0 128 11 0 0 0 0 0 0 0 0 0 0 0 0 0 0 0 0 0 0 0 0 0 0 0 0 0 0 0 0 0 0 0 0 0 0 0 0 0 0 0 0 0 0 0 0 0 0 0 0 0 0 0 0 0 0 0 0 0 0 77 68 79 32 101 120 116 114 97 32 100 97 116 97 32 108 111 99 107 0 0 0 0 0 0 0 0 0 0 0 0 0 0 0 0 0 0 0 0 0 0 0 0 0 0 0 0 0 0 0 0 0 0 0 0 0 0 0 0 0 0 0 0 0 0 0 0 0 0 0 0 0 0 0 0 0 0 0 0 0 0 0 0 0 0 0 0 0 0 0 0 0 0 0 0 0 0 0 0 0 0 0 0 0 0 0 0 0 0 0 0 0 0 0 0 0 0 0 0 0 0 0 0 0 0 0 0 0 0 0 0 0 0 0 0 0 0 0 0 0 33 33 1 0 9 76 11 0 0 0 0 0 0 0 0 0 2 0 0 0 3 0 154 0 2 0 0 0 248 11 0 0 255 255 255 255 7 0 4 0 0 0 0 0 data 383 0x40007 0x2424 0x30 0x0 0xd0002 0x0 0x170002 0x2424 0x1e0005 0xd1f 0x1eef360 0x18087 0x0 0x0 0x210007 0x2425 0xb28 0x16981 0x260005 0xbef 0x1eef360 0x15d92 0x0 0x0 0x2f0007 0x16981 0xf8 0x0 0x370005 0x0 0x0 0x0 0x0 0x0 0x3a0007 0x0 0x30 0x0 0x430002 0x0 0x490005 0x0 0x0 0x0 0x0 0x0 0x520005 0x0 0x0 0x0 0x0 0x0 0x590003 0x0 0x9e0 0x600007 0x16981 0x998 0x0 0x680005 0x0 0x0 0x0 0x0 0x0 0x6b0007 0x0 0x30 0x0 0x740002 0x0 0x7a0005 0x0 0x0 0x0 0x0 0x0 0x860007 0x0 0x5c0 0x0 0x900002 0x0 0x970005 0x0 0x0 0x0 0x0 0x0 0x9a0007 0x0 0x128 0x0 0x9f0005 0x0 0x0 0x0 0x0 0x0 0xa60002 0x0 0xa90007 0x0 0x80 0x0 0xae0002 0x0 0xb10007 0x0 0x50 0x0 0xb60002 0x0 0xb90007 0x0 0x68 0x0 0xc00005 0x0 0x0 0x0 0x0 0x0 0xc70003 0x0 0xfffffffffffffec0 0xcc0005 0x0 0x0 0x0 0x0 0x0 0xcf0007 0x0 0x30 0x0 0xd80002 0x0 0xe00007 0x0 0x30 0x0 0xe90002 0x0 0xef0005 0x0 0x0 0x0 0x0 0x0 0xf70005 0x0 0x0 0x0 0x0 0x0 0xfa0002 0x0 0xfd0007 0x0 0x100 0x0 0x1080002 0x0 0x10d0005 0x0 0x0 0x0 0x0 0x0 0x1120005 0x0 0x0 0x0 0x0 0x0 0x1170005 0x0 0x0 0x0 0x0 0x0 0x11a0005 0x0 0x0 0x0 0x0 0x0 0x11d0002 0x0 0x1250005 0x0 0x0 0x0 0x0 0x0 0x12a0005 0x0 0x0 0x0 0x0 0x0 0x12f0007 0x0 0x100 0x0 0x13a0002 0x0 0x13f0005 0x0 0x0 0x0 0x0 0x0 0x1440005 0x0 0x0 0x0 0x0 0x0 0x1490005 0x0 0x0 0x0 0x0 0x0 0x14c0005 0x0 0x0 0x0 0x0 0x0 0x14f0002 0x0 0x1570005 0x0 0x0 0x0 0x0 0x0 0x15c0005 0x0 0x0 0x0 0x0 0x0 0x1610004 0x0 0x0 0x0 0x0 0x0 0x1640005 0x0 0x0 0x0 0x0 0x0 0x16c0003 0x0 0x1f8 0x1780007 0x0 0x40 0x0 0x17f0007 0x0 0x30 0x0 0x1880002 0x0 0x1940007 0x0 0x190 0x0 0x1990005 0x0 0x0 0x0 0x0 0x0 0x19c0007 0x0 0x38 0x0 0x19f0003 0x0 0x120 0x1a40005 0x0 0x0 0x0 0x0 0x0 0x1ae0007 0x0 0xd8 0x0 0x1b50007 0x0 0x38 0x0 0x1b80003 0x0 0x98 0x1c60005 0x0 0x0 0x0 0x0 0x0 0x1cb0007 0x0 0x38 0x0 0x1d10003 0x0 0x18 0x1db0003 0x0 0xfffffffffffffe88 0x1e10005 0x0 0x0 0x0 0x0 0x0 0x1e50007 0x0 0x100 0x0 0x1eb0005 0x0 0x0 0x0 0x0 0x0 0x1ef0007 0x0 0xb0 0x0 0x1fb0005 0x0 0x0 0x0 0x0 0x0 0x2010005 0x0 0x0 0x0 0x0 0x0 0x2040005 0x0 0x0 0x0 0x0 0x0 0x2080003 0x0 0x48 0x20f0005 0xbef 0x16a5dfa0 0x15d92 0x0 0x0 0x2160003 0x16982 0xfffffffffffff4c0 0x2260005 0x130 0x16a5da60 0x22f5 0x0 0x0 0x22d0005 0x130 0x16a5da60 0x22f5 0x0 0x0 oops 5 10 java/lang/String 20 java/lang/String 364 java/lang/StringBuilder 373 java/lang/StringBuffer 379 java/lang/StringBuffer
ciMethod org/apache/poi/ss/usermodel/Row cellIterator ()Ljava/util/Iterator; 0 0 1 0 -1
ciMethod org/apache/poi/ss/usermodel/Cell getRowIndex ()I 0 0 1 0 -1
ciMethod org/apache/poi/ss/usermodel/Cell getCellTypeEnum ()Lorg/apache/poi/ss/usermodel/CellType; 0 0 1 0 -1
ciMethod org/apache/poi/ss/usermodel/Cell setCellValue (Ljava/lang/String;)V 0 0 1 0 -1
ciMethod org/apache/poi/ss/usermodel/Cell getStringCellValue ()Ljava/lang/String; 0 0 1 0 -1
ciMethod java/lang/IndexOutOfBoundsException <init> (Ljava/lang/String;)V 0 0 1 0 -1
ciMethodData java/lang/StringBuilder append (Ljava/lang/Object;)Ljava/lang/StringBuilder; 1 71 orig 264 152 82 28 88 0 0 0 0 208 53 20 22 0 0 0 0 144 1 0 0 0 0 0 0 0 0 0 0 0 0 0 0 0 0 0 0 0 0 0 0 0 0 0 0 0 0 0 0 0 0 0 0 0 0 0 0 0 0 0 0 0 0 0 0 0 0 0 0 0 0 0 0 0 0 0 0 0 0 0 0 77 68 79 32 101 120 116 114 97 32 100 97 116 97 32 108 111 99 107 0 0 0 0 0 0 0 0 0 0 0 0 0 0 0 0 0 0 0 0 0 0 0 0 0 0 0 0 0 0 0 0 0 0 0 0 0 0 0 0 0 0 0 0 0 0 0 0 0 0 0 0 0 0 0 0 0 0 0 0 0 0 0 0 0 0 0 0 0 0 0 0 0 0 0 0 0 0 0 0 0 0 0 0 0 0 0 0 0 0 0 0 0 0 0 0 0 0 0 0 0 0 0 0 0 0 0 0 0 0 0 0 0 0 0 0 0 40 0 0 0 249 0 0 0 1 0 0 0 0 0 0 0 0 0 0 0 2 0 0 0 0 0 0 0 0 0 0 0 64 0 0 0 255 255 255 255 2 0 2 0 0 0 0 0 data 8 0x20002 0x1f 0x50005 0x1f 0x0 0x0 0x0 0x0 oops 0
ciMethodData java/lang/String valueOf (Ljava/lang/Object;)Ljava/lang/String; 1 78 orig 264 152 82 28 88 0 0 0 0 232 107 13 22 0 0 0 0 176 1 0 0 32 0 0 0 0 0 0 0 0 0 0 0 0 0 0 0 0 0 0 0 0 0 0 0 0 0 0 0 0 0 0 0 0 0 0 0 0 0 0 0 0 0 0 0 0 0 0 0 0 0 0 0 0 0 0 0 0 0 0 0 77 68 79 32 101 120 116 114 97 32 100 97 116 97 32 108 111 99 107 0 0 0 0 0 0 0 0 0 0 0 0 0 0 0 0 0 0 0 0 0 0 0 0 0 0 0 0 0 0 0 0 0 0 0 0 0 0 0 0 0 0 0 0 0 0 0 0 0 0 0 0 0 0 0 0 0 0 0 0 0 0 0 0 0 0 0 0 0 0 0 0 0 0 0 0 0 0 0 0 0 0 0 0 0 0 0 0 0 0 0 0 0 0 0 0 0 0 0 0 0 0 0 0 0 0 0 0 0 0 0 0 0 0 0 0 0 40 0 0 0 49 1 0 0 1 0 0 0 0 0 0 0 0 0 0 0 2 0 0 0 0 0 0 0 0 0 0 0 104 0 0 0 255 255 255 255 7 0 1 0 0 0 0 0 data 13 0x10007 0x26 0x38 0x0 0x60003 0x0 0x48 0xa0005 0x1d 0x1eef360 0x7 0x16a5e8c0 0x2 oops 2 9 java/lang/String 11 java/lang/Float
ciMethodData java/lang/StringBuffer <init> (Ljava/lang/String;)V 2 75875 orig 264 152 82 28 88 0 0 0 0 248 178 19 22 0 0 0 0 192 1 0 0 0 0 0 0 0 0 0 0 0 0 0 0 0 0 0 0 0 0 0 0 0 0 0 0 0 0 0 0 0 0 0 0 0 0 0 0 0 0 0 0 0 0 0 0 0 0 0 0 0 0 0 0 0 0 0 0 0 0 0 0 77 68 79 32 101 120 116 114 97 32 100 97 116 97 32 108 111 99 107 0 0 0 0 0 0 0 0 0 0 0 0 0 0 0 0 0 0 0 0 0 0 0 0 0 0 0 0 0 0 0 0 0 0 0 0 0 0 0 0 0 0 0 0 0 0 0 0 0 0 0 0 0 0 0 0 0 0 0 0 0 0 0 0 0 0 0 0 0 0 0 0 0 0 0 0 0 0 0 0 0 0 0 0 0 0 0 0 0 0 0 0 0 0 0 0 0 0 0 0 0 0 0 0 0 0 0 0 0 0 0 0 0 0 0 0 0 2 0 0 0 217 65 6 0 1 0 0 0 0 0 0 0 0 0 0 0 2 0 0 0 0 0 4 0 2 0 0 0 112 0 0 0 255 255 255 255 5 0 2 0 0 0 0 0 data 14 0x20005 0x103 0x1eef360 0xc738 0x0 0x0 0x80002 0xc83b 0xd0005 0x103 0x16a5da60 0xc738 0x0 0x0 oops 2 2 java/lang/String 10 java/lang/StringBuffer
ciMethod org/openxmlformats/schemas/spreadsheetml/x2006/main/CTRst xgetT ()Lorg/openxmlformats/schemas/spreadsheetml/x2006/main/STXstring; 0 0 1 0 -1
ciMethod org/openxmlformats/schemas/spreadsheetml/x2006/main/CTRst setT (Ljava/lang/String;)V 0 0 1 0 -1
ciMethodData java/util/regex/Pattern$Start match (Ljava/util/regex/Matcher;ILjava/lang/CharSequence;)Z 2 17496 orig 264 152 82 28 88 0 0 0 0 112 138 51 22 0 0 0 0 8 2 0 0 0 0 0 0 0 0 0 0 0 0 0 0 0 0 0 0 0 0 0 0 0 0 0 0 0 0 0 0 0 0 0 0 0 0 0 0 0 0 0 0 0 0 0 0 0 0 0 0 0 0 0 0 0 0 0 0 0 0 0 0 77 68 79 32 101 120 116 114 97 32 100 97 116 97 32 108 111 99 107 0 0 0 0 0 0 0 0 0 0 0 0 0 0 0 0 0 0 0 0 0 0 0 0 0 0 0 0 0 0 0 0 0 0 0 0 0 0 0 0 0 0 0 0 0 0 0 0 0 0 0 0 0 0 0 0 0 0 0 0 0 0 0 0 0 0 0 0 0 0 0 0 0 0 0 0 0 0 0 0 0 0 0 0 0 0 0 0 0 0 0 0 0 0 0 0 0 0 0 0 0 0 0 0 0 0 0 0 0 0 0 0 0 0 0 0 0 8 8 0 0 225 25 2 0 145 49 1 0 0 0 0 0 0 0 0 0 2 0 0 0 1 0 10 0 2 0 0 0 168 0 0 0 255 255 255 255 7 0 10 0 0 0 0 0 data 21 0xa0007 0x4336 0x20 0x6 0x220007 0x92 0x88 0x68d6 0x2c0005 0x0 0x198cddc0 0x38f 0x198cde70 0x6547 0x2f0007 0x2632 0x20 0x42a4 0x500003 0x2632 0xffffffffffffff90 oops 2 10 java/util/regex/Pattern$Single 12 java/util/regex/Pattern$GroupHead
ciMethod org/apache/poi/xssf/usermodel/XSSFCell setCellValue (Ljava/lang/String;)V 202017 1 78177 0 6528
ciMethod org/apache/poi/xssf/usermodel/XSSFCell setCellValue (Lorg/apache/poi/ss/usermodel/RichTextString;)V 201993 1 37962 0 -1
ciMethodData java/util/regex/Pattern$GroupHead match (Ljava/util/regex/Matcher;ILjava/lang/CharSequence;)Z 2 39701 orig 264 152 82 28 88 0 0 0 0 48 98 51 22 0 0 0 0 144 1 0 0 0 0 0 0 0 0 0 0 0 0 0 0 0 0 0 0 0 0 0 0 0 0 0 0 0 0 0 0 0 0 0 0 0 0 0 0 0 0 0 0 0 0 0 0 0 0 0 0 0 0 0 0 0 0 0 0 0 0 0 0 77 68 79 32 101 120 116 114 97 32 100 97 116 97 32 108 111 99 107 0 0 0 0 0 0 0 0 0 0 0 0 0 0 0 0 0 0 0 0 0 0 0 0 0 0 0 0 0 0 0 0 0 0 0 0 0 0 0 0 0 0 0 0 0 0 0 0 0 0 0 0 0 0 0 0 0 0 0 0 0 0 0 0 0 0 0 0 0 0 0 0 0 0 0 0 0 0 0 0 0 0 0 0 0 0 0 0 0 0 0 0 0 0 0 0 0 0 0 0 0 0 0 0 0 0 0 0 0 0 0 0 0 0 0 0 0 0 1 0 0 169 208 4 0 1 0 0 0 0 0 0 0 0 0 0 0 2 0 0 0 0 0 3 0 2 0 0 0 48 0 0 0 255 255 255 255 5 0 28 0 0 0 0 0 data 6 0x1c0005 0x654d 0x1a020a70 0x3490 0x1a020b20 0x38 oops 2 2 java/util/regex/Pattern$Ques 4 java/util/regex/Pattern$Curly
ciMethodData java/util/regex/Matcher groupCount ()I 2 31137 orig 264 152 82 28 88 0 0 0 0 128 139 52 22 0 0 0 0 32 1 0 0 0 0 0 0 0 0 0 0 0 0 0 0 0 0 0 0 0 0 0 0 0 0 0 0 0 0 0 0 0 0 0 0 0 0 0 0 0 0 0 0 0 0 0 0 0 0 0 0 0 0 0 0 0 0 0 0 0 0 0 0 77 68 79 32 101 120 116 114 97 32 100 97 116 97 32 108 111 99 107 0 0 0 0 0 0 0 0 0 0 0 0 0 0 0 0 0 0 0 0 0 0 0 0 0 0 0 0 0 0 0 0 0 0 0 0 0 0 0 0 0 0 0 0 0 0 0 0 0 0 0 0 0 0 0 0 0 0 0 0 0 0 0 0 0 0 0 0 0 0 0 0 0 0 0 0 0 0 0 0 0 0 0 0 0 0 0 0 0 0 0 0 0 0 0 0 0 0 0 0 0 0 0 0 0 0 0 0 0 0 0 0 0 0 0 0 0 0 1 0 0 9 197 3 0 1 0 0 0 0 0 0 0 0 0 0 0 2 0 0 0 0 0 3 0 1 0 0 0 0 0 0 0 255 255 255 255 0 0 0 0 0 0 0 0 data 0 oops 0
ciMethodData java/util/regex/Matcher group (I)Ljava/lang/String; 2 31055 orig 264 152 82 28 88 0 0 0 0 32 138 52 22 0 0 0 0 64 3 0 0 112 1 0 0 0 0 0 0 0 0 0 0 0 0 0 0 0 0 0 0 0 0 0 0 0 0 0 0 0 0 0 0 0 0 0 0 0 0 0 0 0 0 0 0 0 0 0 0 0 0 0 0 0 0 0 0 0 0 0 0 77 68 79 32 101 120 116 114 97 32 100 97 116 97 32 108 111 99 107 0 0 0 0 0 0 0 0 0 0 0 0 0 0 0 0 0 0 0 0 0 0 0 0 0 0 0 0 0 0 0 0 0 0 0 0 0 0 0 0 0 0 0 0 0 0 0 0 0 0 0 0 0 0 0 0 0 0 0 0 0 0 0 0 0 0 0 0 0 0 0 0 0 0 0 0 0 0 0 0 0 0 0 0 0 0 0 0 0 0 0 0 0 0 0 0 0 0 0 0 0 0 0 0 0 0 0 0 0 0 0 0 0 0 0 0 0 0 1 0 0 121 194 3 0 1 0 0 0 0 0 0 0 0 0 0 0 2 0 0 0 0 0 15 0 2 0 0 0 240 1 0 0 255 255 255 255 7 0 4 0 0 0 0 0 data 62 0x40007 0x784f 0x30 0x0 0xd0002 0x0 0x120007 0x0 0x70 0x784f 0x170005 0x0 0x1a0a76c0 0x784f 0x0 0x0 0x1a0007 0x784f 0xd0 0x0 0x250002 0x0 0x2a0005 0x0 0x0 0x0 0x0 0x0 0x2e0005 0x0 0x0 0x0 0x0 0x0 0x310005 0x0 0x0 0x0 0x0 0x0 0x340002 0x0 0x410007 0x0 0x40 0x784f 0x4f0007 0x784f 0x20 0x0 0x670005 0x0 0x1a0a76c0 0x784f 0x0 0x0 0x6a0005 0x0 0x1eef360 0x784f 0x0 0x0 oops 3 12 java/util/regex/Matcher 52 java/util/regex/Matcher 58 java/lang/String
ciMethodData java/util/regex/Matcher getSubSequence (II)Ljava/lang/CharSequence; 2 31055 orig 264 152 82 28 88 0 0 0 0 136 157 52 22 0 0 0 0 136 1 0 0 0 0 0 0 0 0 0 0 0 0 0 0 0 0 0 0 0 0 0 0 0 0 0 0 0 0 0 0 0 0 0 0 0 0 0 0 0 0 0 0 0 0 0 0 0 0 0 0 0 0 0 0 0 0 0 0 0 0 0 0 77 68 79 32 101 120 116 114 97 32 100 97 116 97 32 108 111 99 107 0 0 0 0 0 0 0 0 0 0 0 0 0 0 0 0 0 0 0 0 0 0 0 0 0 0 0 0 0 0 0 0 0 0 0 0 0 0 0 0 0 0 0 0 0 0 0 0 0 0 0 0 0 0 0 0 0 0 0 0 0 0 0 0 0 0 0 0 0 0 0 0 0 0 0 0 0 0 0 0 0 0 0 0 0 0 0 0 0 0 0 0 0 0 0 0 0 0 0 0 0 0 0 0 0 0 0 0 0 0 0 0 0 0 0 0 0 255 0 0 0 129 194 3 0 1 0 0 0 0 0 0 0 0 0 0 0 2 0 0 0 0 0 0 0 0 0 0 0 48 0 0 0 255 255 255 255 5 0 6 0 0 0 0 0 data 6 0x60005 0x0 0x1eef360 0x3441 0x16a5da60 0x440f oops 2 2 java/lang/String 4 java/lang/StringBuffer
ciMethod Invoice exportInvoiceToXls (Ljava/nio/file/Path;Ljava/nio/file/Path;)V 9 483513 1 0 -1
ciMethod org/apache/poi/xssf/usermodel/XSSFRichTextString <init> (Ljava/lang/String;)V 30633 1 17663 0 -1
ciMethod org/apache/poi/xssf/usermodel/XSSFRichTextString preserveSpaces (Lorg/openxmlformats/schemas/spreadsheetml/x2006/main/STXstring;)V 196889 1 36911 0 -1
ciMethod org/openxmlformats/schemas/spreadsheetml/x2006/main/CTRst$Factory newInstance ()Lorg/openxmlformats/schemas/spreadsheetml/x2006/main/CTRst; 4089 1 14346 0 -1
ciMethodData java/util/regex/Matcher group ()Ljava/lang/String; 2 71441 orig 264 152 82 28 88 0 0 0 0 40 137 52 22 0 0 0 0 120 1 0 0 0 0 0 0 0 0 0 0 0 0 0 0 0 0 0 0 0 0 0 0 0 0 0 0 0 0 0 0 0 0 0 0 0 0 0 0 0 0 0 0 0 0 0 0 0 0 0 0 0 0 0 0 0 0 0 0 0 0 0 0 77 68 79 32 101 120 116 114 97 32 100 97 116 97 32 108 111 99 107 0 0 0 0 0 0 0 0 0 0 0 0 0 0 0 0 0 0 0 0 0 0 0 0 0 0 0 0 0 0 0 0 0 0 0 0 0 0 0 0 0 0 0 0 0 0 0 0 0 0 0 0 0 0 0 0 0 0 0 0 0 0 0 0 0 0 0 0 0 0 0 0 0 0 0 0 0 0 0 0 0 0 0 0 0 0 0 0 0 0 0 0 0 0 0 0 0 0 0 0 0 0 0 0 0 0 0 0 0 0 0 0 0 0 0 0 0 0 2 0 0 105 168 5 0 1 0 0 0 0 0 0 0 0 0 0 0 2 0 0 0 0 0 3 0 2 0 0 0 48 0 0 0 255 255 255 255 5 0 2 0 0 0 0 0 data 6 0x20005 0x0 0x1a0a76c0 0xb50d 0x0 0x0 oops 1 2 java/util/regex/Matcher
ciMethodData java/util/regex/Matcher replaceFirst (Ljava/lang/String;)Ljava/lang/String; 2 37962 orig 264 152 82 28 88 0 0 0 0 8 148 52 22 0 0 0 0 208 2 0 0 176 0 0 0 0 0 0 0 0 0 0 0 0 0 0 0 0 0 0 0 0 0 0 0 0 0 0 0 0 0 0 0 0 0 0 0 0 0 0 0 0 0 0 0 0 0 0 0 0 0 0 0 0 0 0 0 0 0 0 0 77 68 79 32 101 120 116 114 97 32 100 97 116 97 32 108 111 99 107 0 0 0 0 0 0 0 0 0 0 0 0 0 0 0 0 0 0 0 0 0 0 0 0 0 0 0 0 0 0 0 0 0 0 0 0 0 0 0 0 0 0 0 0 0 0 0 0 0 0 0 0 0 0 0 0 0 0 0 0 0 0 0 0 0 0 0 0 0 0 0 0 0 0 0 0 0 0 0 0 0 0 0 0 0 0 0 0 0 0 0 0 0 0 0 0 0 0 0 0 0 0 0 0 0 0 0 0 0 0 0 0 0 0 0 0 0 0 2 0 0 17 145 1 0 1 0 0 0 0 0 0 0 0 0 0 0 2 0 0 0 0 0 8 0 2 0 0 0 128 1 0 0 255 255 255 255 7 0 1 0 0 0 0 0 data 48 0x10007 0x3222 0x30 0x0 0xa0002 0x0 0xf0005 0x0 0x1a0a76c0 0x3222 0x0 0x0 0x140005 0x0 0x1a0a76c0 0x3222 0x0 0x0 0x170007 0x3222 0x50 0x0 0x1e0005 0x0 0x0 0x0 0x0 0x0 0x280002 0x3222 0x2f0005 0x0 0x1a0a76c0 0x3222 0x0 0x0 0x350005 0x0 0x1a0a76c0 0x3222 0x0 0x0 0x3a0005 0x0 0x16a5da60 0x3222 0x0 0x0 oops 5 8 java/util/regex/Matcher 14 java/util/regex/Matcher 32 java/util/regex/Matcher 38 java/util/regex/Matcher 44 java/lang/StringBuffer
ciMethodData java/io/PrintStream println (Ljava/lang/String;)V 1 28 orig 264 152 82 28 88 0 0 0 0 24 154 32 22 0 0 0 0 168 1 0 0 0 0 0 0 0 0 0 0 0 0 0 0 0 0 0 0 0 0 0 0 0 0 0 0 0 0 0 0 0 0 0 0 0 0 0 0 0 0 0 0 0 0 0 0 0 0 0 0 0 0 0 0 0 0 0 0 0 0 0 0 77 68 79 32 101 120 116 114 97 32 100 97 116 97 32 108 111 99 107 0 0 0 0 0 0 0 0 0 0 0 0 0 0 0 0 0 0 0 0 0 0 0 0 0 0 0 0 0 0 0 0 0 0 0 0 0 0 0 0 0 0 0 0 0 0 0 0 0 0 0 0 0 0 0 0 0 0 0 0 0 0 0 0 0 0 0 0 0 0 0 0 0 0 0 0 0 0 0 0 0 0 0 0 0 0 0 0 0 0 0 0 0 0 0 0 0 0 0 0 0 0 0 0 0 0 0 0 0 0 0 0 0 0 0 0 0 28 0 0 0 1 0 0 0 1 0 0 0 0 0 0 0 0 0 0 0 2 0 0 0 0 0 0 0 0 0 0 0 88 0 0 0 255 255 255 255 5 0 6 0 0 0 0 0 data 11 0x60005 0x0 0x0 0x0 0x0 0x0 0xa0002 0x0 0xf0003 0x0 0x18 oops 0
ciMethodData java/io/PrintStream print (Ljava/lang/String;)V 1 49 orig 264 152 82 28 88 0 0 0 0 48 147 32 22 0 0 0 0 88 1 0 0 0 0 0 0 0 0 0 0 0 0 0 0 0 0 0 0 0 0 0 0 0 0 0 0 0 0 0 0 0 0 0 0 0 0 0 0 0 0 0 0 0 0 0 0 0 0 0 0 0 0 0 0 0 0 0 0 0 0 0 0 77 68 79 32 101 120 116 114 97 32 100 97 116 97 32 108 111 99 107 0 0 0 0 0 0 0 0 0 0 0 0 0 0 0 0 0 0 0 0 0 0 0 0 0 0 0 0 0 0 0 0 0 0 0 0 0 0 0 0 0 0 0 0 0 0 0 0 0 0 0 0 0 0 0 0 0 0 0 0 0 0 0 0 0 0 0 0 0 0 0 0 0 0 0 0 0 0 0 0 0 0 0 0 0 0 0 0 0 0 0 0 0 0 0 0 0 0 0 0 0 0 0 0 0 0 0 0 0 0 0 0 0 0 0 0 0 49 0 0 0 1 0 0 0 1 0 0 0 0 0 0 0 0 0 0 0 2 0 0 0 0 0 0 0 0 0 0 0 48 0 0 0 255 255 255 255 7 0 1 0 0 0 0 0 data 6 0x10007 0x0 0x20 0x0 0x90002 0x0 oops 0
ciMethodData java/io/PrintStream write (Ljava/lang/String;)V 1 49 orig 264 152 82 28 88 0 0 0 0 128 141 32 22 0 0 0 0 24 3 0 0 88 1 0 0 0 0 0 0 0 0 0 0 0 0 0 0 0 0 0 0 0 0 0 0 0 0 0 0 0 0 0 0 0 0 0 0 0 0 0 0 0 0 0 0 0 0 0 0 0 0 0 0 0 0 0 0 0 0 0 0 77 68 79 32 101 120 116 114 97 32 100 97 116 97 32 108 111 99 107 0 0 0 0 0 0 0 0 0 0 0 0 0 0 0 0 0 0 0 0 0 0 0 0 0 0 0 0 0 0 0 0 0 0 0 0 0 0 0 0 0 0 0 0 0 0 0 0 0 0 0 0 0 0 0 0 0 0 0 0 0 0 0 0 0 0 0 0 0 0 0 0 0 0 0 0 0 0 0 0 0 0 0 0 0 0 0 0 0 0 0 0 0 0 0 0 0 0 0 0 0 0 0 0 0 0 0 0 0 0 0 0 0 0 0 0 0 49 0 0 0 1 0 0 0 1 0 0 0 0 0 0 0 0 0 0 0 2 0 0 0 0 0 0 0 0 0 0 0 200 1 0 0 255 255 255 255 2 0 5 0 0 0 0 0 data 57 0x50002 0x0 0xd0005 0x0 0x0 0x0 0x0 0x0 0x140005 0x0 0x0 0x0 0x0 0x0 0x1b0005 0x0 0x0 0x0 0x0 0x0 0x220007 0x0 0xa0 0x0 0x280005 0x0 0x0 0x0 0x0 0x0 0x2b0007 0x0 0x50 0x0 0x320005 0x0 0x0 0x0 0x0 0x0 0x370003 0x0 0x18 0x3f0003 0x0 0x70 0x430002 0x0 0x460005 0x0 0x0 0x0 0x0 0x0 0x490003 0x0 0x18 oops 0
ciMethodData java/lang/Float toString ()Ljava/lang/String; 1 3 orig 264 152 82 28 88 0 0 0 0 88 114 22 22 0 0 0 0 88 1 0 0 0 0 0 0 0 0 0 0 0 0 0 0 0 0 0 0 0 0 0 0 0 0 0 0 0 0 0 0 0 0 0 0 0 0 0 0 0 0 0 0 0 0 0 0 0 0 0 0 0 0 0 0 0 0 0 0 0 0 0 0 77 68 79 32 101 120 116 114 97 32 100 97 116 97 32 108 111 99 107 0 0 0 0 0 0 0 0 0 0 0 0 0 0 0 0 0 0 0 0 0 0 0 0 0 0 0 0 0 0 0 0 0 0 0 0 0 0 0 0 0 0 0 0 0 0 0 0 0 0 0 0 0 0 0 0 0 0 0 0 0 0 0 0 0 0 0 0 0 0 0 0 0 0 0 0 0 0 0 0 0 0 0 0 0 0 0 0 0 0 0 0 0 0 0 0 0 0 0 0 0 0 0 0 0 0 0 0 0 0 0 0 0 0 0 0 0 3 0 0 0 1 0 0 0 1 0 0 0 0 0 0 0 0 0 0 0 2 0 0 0 0 0 0 0 0 0 0 0 16 0 0 0 255 255 255 255 2 0 4 0 0 0 0 0 data 2 0x40002 0x0 oops 0
ciMethodData org/apache/poi/xssf/usermodel/XSSFRichTextString <init> (Ljava/lang/String;)V 2 17663 orig 264 152 82 28 88 0 0 0 0 72 211 72 25 0 0 0 0 224 1 0 0 0 0 0 0 0 0 0 0 0 0 0 0 0 0 0 0 0 0 0 0 0 0 0 0 0 0 0 0 0 0 0 0 0 0 0 0 0 0 0 0 0 0 0 0 0 0 0 0 0 0 0 0 0 0 0 0 0 0 0 0 77 68 79 32 101 120 116 114 97 32 100 97 116 97 32 108 111 99 107 0 0 0 0 0 0 0 0 0 0 0 0 0 0 0 0 0 0 0 0 0 0 0 0 0 0 0 0 0 0 0 0 0 0 0 0 0 0 0 0 0 0 0 0 0 0 0 0 0 0 0 0 0 0 0 0 0 0 0 0 0 0 0 0 0 0 0 0 0 0 0 0 0 0 0 0 0 0 0 0 0 0 0 0 0 0 0 0 0 0 0 0 0 0 0 0 0 0 0 0 0 0 0 0 0 0 0 0 0 0 0 0 0 0 0 0 0 0 2 0 0 81 176 1 0 1 0 0 0 0 0 0 0 0 0 0 0 2 0 0 0 0 0 6 0 2 0 0 0 144 0 0 0 255 255 255 255 2 0 1 0 0 0 0 0 data 18 0x10002 0x360a 0x50002 0x360a 0x100005 0x0 0x1b340ea0 0x360a 0x0 0x0 0x190005 0x0 0x1b340ea0 0x360a 0x0 0x0 0x1e0002 0x360a oops 2 6 org/openxmlformats/schemas/spreadsheetml/x2006/main/impl/CTRstImpl 12 org/openxmlformats/schemas/spreadsheetml/x2006/main/impl/CTRstImpl
ciMethodData org/apache/poi/xssf/usermodel/XSSFCell setCellValue (Ljava/lang/String;)V 2 78691 orig 264 152 82 28 88 0 0 0 0 72 87 62 25 0 0 0 0 200 1 0 0 72 0 0 0 0 0 0 0 0 0 0 0 0 0 0 0 0 0 0 0 0 0 0 0 0 0 0 0 0 0 0 0 0 0 0 0 0 0 0 0 0 0 0 0 0 0 0 0 0 0 0 0 0 0 0 0 0 0 0 0 77 68 79 32 101 120 116 114 97 32 100 97 116 97 32 108 111 99 107 0 0 0 0 0 0 0 0 0 0 0 0 0 0 0 0 0 0 0 0 0 0 0 0 0 0 0 0 0 0 0 0 0 0 0 0 0 0 0 0 0 0 0 0 0 0 0 0 0 0 0 0 0 0 0 0 0 0 0 0 0 0 0 0 0 0 0 0 0 0 0 0 0 0 0 0 0 0 0 0 0 0 0 0 0 0 0 0 0 0 0 0 0 0 0 0 0 0 0 0 0 0 0 0 0 0 0 0 0 0 0 0 0 0 0 0 0 0 2 0 0 249 133 6 0 1 0 0 0 0 0 0 0 0 0 0 0 2 0 0 0 0 0 11 0 2 0 0 0 120 0 0 0 255 255 255 255 7 0 2 0 0 0 0 0 data 15 0x20007 0xd0bf 0x38 0x0 0x60003 0x0 0x28 0xe0002 0xd0bf 0x110005 0x1 0x1a0a7770 0xd0be 0x0 0x0 oops 1 11 org/apache/poi/xssf/usermodel/XSSFCell
ciMethodData org/apache/poi/xssf/usermodel/XSSFCell setCellValue (Lorg/apache/poi/ss/usermodel/RichTextString;)V 2 37962 orig 264 152 82 28 88 0 0 0 0 8 89 62 25 0 0 0 0 176 5 0 0 24 3 0 0 0 0 0 0 0 0 0 0 0 0 0 0 0 0 0 0 0 0 0 0 0 0 0 0 0 0 0 0 0 0 0 0 0 0 0 0 0 0 0 0 0 0 0 0 0 0 0 0 0 0 0 0 0 0 0 0 77 68 79 32 101 120 116 114 97 32 100 97 116 97 32 108 111 99 107 0 0 0 0 0 0 0 0 0 0 0 0 0 0 0 0 0 0 0 0 0 0 0 0 0 0 0 0 0 0 0 0 0 0 0 0 0 0 0 0 0 0 0 0 0 0 0 0 0 0 0 0 0 0 0 0 0 0 0 0 0 0 0 0 0 0 0 0 0 0 0 0 0 0 0 0 0 0 0 0 0 0 0 0 0 0 0 0 0 0 0 0 0 0 0 0 0 0 0 0 0 0 0 0 0 0 0 0 0 0 0 0 0 0 0 0 0 255 1 0 0 73 141 1 0 1 0 0 0 0 0 0 0 0 0 0 0 2 0 0 0 0 0 18 0 2 0 0 0 96 4 0 0 255 255 255 255 7 0 1 0 0 0 0 0 data 140 0x10007 0x0 0x70 0x31a9 0x50005 0x0 0x1b46b1d0 0x31a9 0x0 0x0 0xa0007 0x31a9 0x50 0x0 0x110005 0x0 0x0 0x0 0x0 0x0 0x160005 0x0 0x1b46b1d0 0x31a9 0x0 0x0 0x1e0005 0x11e 0x1b3423a0 0x308b 0x0 0x0 0x210007 0x31a9 0x30 0x0 0x2a0002 0x0 0x2f0005 0x11e 0x1a0a7770 0x308b 0x0 0x0 0x370005 0x11e 0x19ba5350 0x308b 0x0 0x0 0x3b0008 0x4 0x11e 0xd8 0x0 0x30 0x510005 0x0 0x0 0x0 0x0 0x0 0x560005 0x0 0x0 0x0 0x0 0x0 0x620005 0x0 0x0 0x0 0x0 0x0 0x670003 0x0 0x210 0x6e0005 0x0 0x1b342450 0x31a9 0x0 0x0 0x760007 0x31a9 0x98 0x0 0x7e0005 0x0 0x0 0x0 0x0 0x0 0x830005 0x0 0x0 0x0 0x0 0x0 0x880003 0x0 0x148 0x920005 0x0 0x1b342450 0x31a9 0x0 0x0 0x980004 0x0 0x1b46b1d0 0x31a9 0x0 0x0 0xa10005 0x0 0x1b46b1d0 0x31a9 0x0 0x0 0xa90005 0x0 0x1b46b1d0 0x31a9 0x0 0x0 0xac0005 0x0 0x1b342500 0x31a9 0x0 0x0 0xb70002 0x31a9 0xba0005 0x0 0x1b342450 0x31a9 0x0 0x0 oops 12 6 org/apache/poi/xssf/usermodel/XSSFRichTextString 22 org/apache/poi/xssf/usermodel/XSSFRichTextString 28 org/apache/poi/ss/SpreadsheetVersion 40 org/apache/poi/xssf/usermodel/XSSFCell 46 org/apache/poi/ss/usermodel/CellType 79 org/openxmlformats/schemas/spreadsheetml/x2006/main/impl/CTCellImpl 104 org/openxmlformats/schemas/spreadsheetml/x2006/main/impl/CTCellImpl 110 org/apache/poi/xssf/usermodel/XSSFRichTextString 116 org/apache/poi/xssf/usermodel/XSSFRichTextString 122 org/apache/poi/xssf/usermodel/XSSFRichTextString 128 org/apache/poi/xssf/model/SharedStringsTable 136 org/openxmlformats/schemas/spreadsheetml/x2006/main/impl/CTCellImpl
ciMethodData Invoice exportInvoiceToXls (Ljava/nio/file/Path;Ljava/nio/file/Path;)V 2 101400 orig 264 152 82 28 88 0 0 0 0 216 110 72 25 0 0 0 0 232 40 0 0 192 0 0 0 0 0 0 0 0 0 0 0 0 0 0 0 0 0 0 0 0 0 0 0 0 0 0 0 0 0 0 0 0 0 0 0 0 0 0 0 0 0 0 0 0 0 0 0 0 0 0 0 0 0 0 0 0 0 0 0 77 68 79 32 101 120 116 114 97 32 100 97 116 97 32 108 111 99 107 0 0 0 0 0 0 0 0 0 0 0 0 0 0 0 0 0 0 0 0 0 0 0 0 0 0 0 0 0 0 0 0 0 0 0 0 0 0 0 0 0 0 0 0 0 0 0 0 0 0 0 0 0 0 0 0 0 0 0 0 0 0 0 0 0 0 0 0 0 0 0 0 0 0 0 0 0 0 0 0 0 0 0 0 0 0 0 0 0 0 0 0 0 0 0 0 0 0 0 0 0 0 0 0 0 0 0 0 0 0 0 0 0 0 0 0 0 10 236 0 0 1 0 0 0 9 0 5 0 0 0 0 0 0 0 0 0 2 0 0 0 3 0 57 1 2 0 0 0 120 39 0 0 255 255 255 255 5 0 9 0 0 0 0 0 data 1263 0x90005 0x0 0x0 0x0 0x0 0x0 0xe0002 0x0 0x110002 0x0 0x170005 0x0 0x0 0x0 0x0 0x0 0x200002 0x0 0x270005 0x0 0x0 0x0 0x0 0x0 0x2e0003 0x0 0x2598 0x330005 0x0 0x0 0x0 0x0 0x0 0x380004 0x0 0x0 0x0 0x0 0x0 0x3f0005 0x0 0x0 0x0 0x0 0x0 0x460003 0x0 0x24a0 0x4b0005 0x0 0x0 0x0 0x0 0x0 0x500004 0x0 0x0 0x0 0x0 0x0 0x570005 0x0 0x0 0x0 0x0 0x0 0x5f0007 0x0 0x23f8 0x0 0x6b0005 0x0 0x0 0x0 0x0 0x0 0x700002 0x0 0x730002 0x0 0x780005 0x0 0x0 0x0 0x0 0x0 0x7d0005 0x0 0x0 0x0 0x0 0x0 0x820005 0x0 0x0 0x0 0x0 0x0 0x850005 0x0 0x0 0x0 0x0 0x0 0x880005 0x0 0x0 0x0 0x0 0x0 0x910005 0x0 0x0 0x0 0x0 0x0 0x960002 0x0 0xa20002 0x0 0xa70005 0x0 0x0 0x0 0x0 0x0 0xac0005 0x0 0x0 0x0 0x0 0x0 0xaf0005 0x0 0x0 0x0 0x0 0x0 0xb20005 0x0 0x0 0x0 0x0 0x0 0xb90005 0x0 0x0 0x0 0x0 0x0 0xbe0003 0x0 0x2108 0xc30005 0x0 0x1a0a76c0 0x9802 0x0 0x0 0xc90005 0x0 0x1eef360 0x9802 0x0 0x0 0xcc0008 0x20 0x0 0x2060 0x0 0x110 0x0 0x178 0x0 0x1e0 0x0 0x248 0x0 0x2b0 0x0 0x318 0x0 0x380 0x0 0x3e8 0x0 0x450 0x0 0x4b8 0x0 0x520 0x0 0x588 0x0 0x5f0 0x0 0x658 0x0 0x6c0 0x1540005 0x0 0x1eef360 0x9802 0x0 0x0 0x1570007 0x9802 0x1058 0x0 0x15a0003 0x0 0x1f00 0x1610005 0x0 0x0 0x0 0x0 0x0 0x1640007 0x0 0x10a8 0x0 0x1670003 0x0 0x1e98 0x16e0005 0x0 0x0 0x0 0x0 0x0 0x1710007 0x0 0xb00 0x0 0x1740003 0x0 0x1e30 0x17b0005 0x0 0x0 0x0 0x0 0x0 0x17e0007 0x0 0x1c00 0x0 0x1810003 0x0 0x1dc8 0x1880005 0x0 0x0 0x0 0x0 0x0 0x18b0007 0x0 0xc18 0x0 0x18e0003 0x0 0x1d60 0x1950005 0x0 0x0 0x0 0x0 0x0 0x1980007 0x0 0x10f0 0x0 0x19b0003 0x0 0x1cf8 0x1a20005 0x0 0x0 0x0 0x0 0x0 0x1a50007 0x0 0x18e0 0x0 0x1a80003 0x0 0x1c90 0x1af0005 0x0 0x0 0x0 0x0 0x0 0x1b20007 0x0 0x14a8 0x0 0x1b50003 0x0 0x1c28 0x1bc0005 0x0 0x0 0x0 0x0 0x0 0x1bf0007 0x0 0x2a8 0x0 0x1c20003 0x0 0x1bc0 0x1c90005 0x0 0x0 0x0 0x0 0x0 0x1cc0007 0x0 0x11f0 0x0 0x1cf0003 0x0 0x1b58 0x1d60005 0x0 0x0 0x0 0x0 0x0 0x1d90007 0x0 0xb90 0x0 0x1dc0003 0x0 0x1af0 0x1e30005 0x0 0x0 0x0 0x0 0x0 0x1e60007 0x0 0x14f0 0x0 0x1e90003 0x0 0x1a88 0x1f00005 0x0 0x0 0x0 0x0 0x0 0x1f30007 0x0 0x1000 0x0 0x1f60003 0x0 0x1a20 0x1fd0005 0x0 0x0 0x0 0x0 0x0 0x2000007 0x0 0x470 0x0 0x2030003 0x0 0x19b8 0x20a0005 0x0 0x0 0x0 0x0 0x0 0x20d0007 0x0 0x220 0x0 0x2100003 0x0 0x1950 0x21d0005 0x0 0x0 0x0 0x0 0x0 0x2200002 0x0 0x2290005 0x0 0x0 0x0 0x0 0x0 0x22c0005 0x0 0x0 0x0 0x0 0x0 0x2380002 0x0 0x23d0005 0x0 0x0 0x0 0x0 0x0 0x2420005 0x0 0x0 0x0 0x0 0x0 0x2470005 0x0 0x0 0x0 0x0 0x0 0x24c0005 0x0 0x0 0x0 0x0 0x0 0x24f0005 0x0 0x0 0x0 0x0 0x0 0x2520005 0x0 0x0 0x0 0x0 0x0 0x2550003 0x0 0x1798 0x2620005 0x0 0x0 0x0 0x0 0x0 0x2650002 0x0 0x26e0005 0x0 0x0 0x0 0x0 0x0 0x2710005 0x0 0x0 0x0 0x0 0x0 0x27d0002 0x0 0x2820005 0x0 0x0 0x0 0x0 0x0 0x2870005 0x0 0x0 0x0 0x0 0x0 0x28c0005 0x0 0x0 0x0 0x0 0x0 0x2910005 0x0 0x0 0x0 0x0 0x0 0x2940005 0x0 0x0 0x0 0x0 0x0 0x2970005 0x0 0x0 0x0 0x0 0x0 0x29a0003 0x0 0x15b0 0x2a70005 0x0 0x0 0x0 0x0 0x0 0x2aa0005 0x0 0x0 0x0 0x0 0x0 0x2ad0002 0x0 0x2b60005 0x0 0x0 0x0 0x0 0x0 0x2b90005 0x0 0x0 0x0 0x0 0x0 0x2c50002 0x0 0x2ca0005 0x0 0x0 0x0 0x0 0x0 0x2cf0005 0x0 0x0 0x0 0x0 0x0 0x2d40005 0x0 0x0 0x0 0x0 0x0 0x2d90005 0x0 0x0 0x0 0x0 0x0 0x2dc0005 0x0 0x0 0x0 0x0 0x0 0x2df0005 0x0 0x0 0x0 0x0 0x0 0x2e20003 0x0 0x1398 0x2ef0005 0x0 0x0 0x0 0x0 0x0 0x2f20002 0x0 0x2fb0005 0x0 0x0 0x0 0x0 0x0 0x2fe0005 0x0 0x0 0x0 0x0 0x0 0x30a0002 0x0 0x30f0005 0x0 0x0 0x0 0x0 0x0 0x3140005 0x0 0x0 0x0 0x0 0x0 0x3190005 0x0 0x0 0x0 0x0 0x0 0x31e0005 0x0 0x0 0x0 0x0 0x0 0x3210005 0x0 0x0 0x0 0x0 0x0 0x3240005 0x0 0x0 0x0 0x0 0x0 0x3270003 0x0 0x11b0 0x3340005 0x0 0x0 0x0 0x0 0x0 0x3370002 0x0 0x3400005 0x0 0x0 0x0 0x0 0x0 0x3430005 0x0 0x0 0x0 0x0 0x0 0x34f0002 0x0 0x3540005 0x0 0x0 0x0 0x0 0x0 0x3590005 0x0 0x0 0x0 0x0 0x0 0x35e0005 0x0 0x0 0x0 0x0 0x0 0x3630005 0x0 0x0 0x0 0x0 0x0 0x3660005 0x0 0x0 0x0 0x0 0x0 0x3690005 0x0 0x0 0x0 0x0 0x0 0x36c0003 0x0 0xfc8 0x3790005 0x0 0x0 0x0 0x0 0x0 0x37c0002 0x0 0x3850005 0x0 0x0 0x0 0x0 0x0 0x3880005 0x0 0x0 0x0 0x0 0x0 0x38d0003 0x0 0xf10 0x39a0005 0x0 0x1a0a76c0 0x9802 0x0 0x0 0x39d0002 0x9802 0x3a60005 0x0 0x16a5da60 0x9802 0x0 0x0 0x3a90005 0x0 0x1a0a7770 0x9802 0x0 0x0 0x3ae0003 0x9801 0xe58 0x3bb0005 0x0 0x0 0x0 0x0 0x0 0x3be0002 0x0 0x3c70005 0x0 0x0 0x0 0x0 0x0 0x3ca0005 0x0 0x0 0x0 0x0 0x0 0x3d60002 0x0 0x3db0005 0x0 0x0 0x0 0x0 0x0 0x3e00005 0x0 0x0 0x0 0x0 0x0 0x3e50005 0x0 0x0 0x0 0x0 0x0 0x3ea0005 0x0 0x0 0x0 0x0 0x0 0x3ed0005 0x0 0x0 0x0 0x0 0x0 0x3f00005 0x0 0x0 0x0 0x0 0x0 0x3f30003 0x0 0xc70 0x4000005 0x0 0x0 0x0 0x0 0x0 0x4030002 0x0 0x40c0005 0x0 0x0 0x0 0x0 0x0 0x40f0005 0x0 0x0 0x0 0x0 0x0 0x41b0002 0x0 0x4200005 0x0 0x0 0x0 0x0 0x0 0x4250005 0x0 0x0 0x0 0x0 0x0 0x42a0005 0x0 0x0 0x0 0x0 0x0 0x42f0005 0x0 0x0 0x0 0x0 0x0 0x4320005 0x0 0x0 0x0 0x0 0x0 0x4350005 0x0 0x0 0x0 0x0 0x0 0x4380003 0x0 0xa88 0x4450005 0x0 0x0 0x0 0x0 0x0 0x4480002 0x0 0x4510005 0x0 0x0 0x0 0x0 0x0 0x4540005 0x0 0x0 0x0 0x0 0x0 0x4590003 0x0 0x9d0 0x4660005 0x0 0x0 0x0 0x0 0x0 0x4690002 0x0 0x4720005 0x0 0x0 0x0 0x0 0x0 0x4750005 0x0 0x0 0x0 0x0 0x0 0x4810002 0x0 0x4860005 0x0 0x0 0x0 0x0 0x0 0x48b0005 0x0 0x0 0x0 0x0 0x0 0x4900005 0x0 0x0 0x0 0x0 0x0 0x4950005 0x0 0x0 0x0 0x0 0x0 0x4980005 0x0 0x0 0x0 0x0 0x0 0x49b0005 0x0 0x0 0x0 0x0 0x0 0x49e0003 0x0 0x7e8 0x4ab0005 0x0 0x0 0x0 0x0 0x0 0x4ae0002 0x0 0x4b70005 0x0 0x0 0x0 0x0 0x0 0x4ba0005 0x0 0x0 0x0 0x0 0x0 0x4c60002 0x0 0x4cb0005 0x0 0x0 0x0 0x0 0x0 0x4d00005 0x0 0x0 0x0 0x0 0x0 0x4d50005 0x0 0x0 0x0 0x0 0x0 0x4da0005 0x0 0x0 0x0 0x0 0x0 0x4dd0005 0x0 0x0 0x0 0x0 0x0 0x4e00005 0x0 0x0 0x0 0x0 0x0 0x4e30003 0x0 0x600 0x4f00005 0x0 0x0 0x0 0x0 0x0 0x4f30002 0x0 0x4fc0005 0x0 0x0 0x0 0x0 0x0 0x4ff0005 0x0 0x0 0x0 0x0 0x0 0x50b0002 0x0 0x5100005 0x0 0x0 0x0 0x0 0x0 0x5150005 0x0 0x0 0x0 0x0 0x0 0x51a0005 0x0 0x0 0x0 0x0 0x0 0x51f0005 0x0 0x0 0x0 0x0 0x0 0x5220005 0x0 0x0 0x0 0x0 0x0 0x5250005 0x0 0x0 0x0 0x0 0x0 0x5280003 0x0 0x418 0x5350005 0x0 0x0 0x0 0x0 0x0 0x5380002 0x0 0x5410005 0x0 0x0 0x0 0x0 0x0 0x5440005 0x0 0x0 0x0 0x0 0x0 0x5500002 0x0 0x5550005 0x0 0x0 0x0 0x0 0x0 0x55a0005 0x0 0x0 0x0 0x0 0x0 0x55f0005 0x0 0x0 0x0 0x0 0x0 0x5640005 0x0 0x0 0x0 0x0 0x0 0x5670005 0x0 0x0 0x0 0x0 0x0 0x56a0005 0x0 0x0 0x0 0x0 0x0 0x56d0003 0x0 0x230 0x57a0005 0x0 0x0 0x0 0x0 0x0 0x57d0002 0x0 0x5860005 0x0 0x0 0x0 0x0 0x0 0x5890005 0x0 0x0 0x0 0x0 0x0 0x5950002 0x0 0x59a0005 0x0 0x0 0x0 0x0 0x0 0x59f0005 0x0 0x0 0x0 0x0 0x0 0x5a40005 0x0 0x0 0x0 0x0 0x0 0x5a90005 0x0 0x0 0x0 0x0 0x0 0x5ac0005 0x0 0x0 0x0 0x0 0x0 0x5af0005 0x0 0x0 0x0 0x0 0x0 0x5b20003 0x0 0x48 0x5bb0005 0x0 0x0 0x0 0x0 0x0 0x5c00005 0x0 0x1a0a76c0 0x9801 0x0 0x0 0x5c30007 0x9801 0xffffffffffffdee0 0x0 0x5c80005 0x0 0x0 0x0 0x0 0x0 0x5cd0007 0x0 0xffffffffffffdb48 0x0 0x5d20005 0x0 0x0 0x0 0x0 0x0 0x5d70007 0x0 0xffffffffffffda50 0x0 0x5df0005 0x0 0x0 0x0 0x0 0x0 0x5e40002 0x0 0x5ec0005 0x0 0x0 0x0 0x0 0x0 0x5f30005 0x0 0x0 0x0 0x0 0x0 0x5f70005 0x0 0x0 0x0 0x0 0x0 oops 7 155 java/util/regex/Matcher 161 java/lang/String 201 java/lang/String 730 java/util/regex/Matcher 738 java/lang/StringBuffer 744 org/apache/poi/xssf/usermodel/XSSFCell 1209 java/util/regex/Matcher
instanceKlass org/apache/xmlbeans/XmlFactoryHook
instanceKlass java/lang/ref/ReferenceQueue$1
instanceKlass org/apache/xmlbeans/impl/values/NamespaceContext$1
instanceKlass org/openxmlformats/schemas/spreadsheetml/x2006/main/CTRst$Factory
instanceKlass java/text/DontCareFieldPosition$1
instanceKlass java/text/Format$FieldDelegate
instanceKlass java/util/Currency$CurrencyNameGetter
instanceKlass java/util/Locale$1
instanceKlass sun/util/locale/LanguageTag
instanceKlass java/lang/StrictMath
instanceKlass org/apache/poi/ss/usermodel/DateUtil
instanceKlass org/openxmlformats/schemas/spreadsheetml/x2006/main/CTWorkbookPr
instanceKlass org/apache/poi/xssf/usermodel/XSSFRichTextString
instanceKlass org/apache/poi/xssf/usermodel/XSSFCell$1
instanceKlass org/openxmlformats/schemas/spreadsheetml/x2006/main/STCellType
instanceKlass org/apache/poi/xssf/usermodel/XSSFRow$1
instanceKlass Invoice
instanceKlass org/apache/poi/xssf/usermodel/XSSFName
instanceKlass org/openxmlformats/schemas/spreadsheetml/x2006/main/CTDefinedName
instanceKlass org/openxmlformats/schemas/spreadsheetml/x2006/main/CTDefinedNames
instanceKlass org/apache/commons/collections4/MapIterator
instanceKlass org/apache/commons/collections4/MultiSet
instanceKlass org/apache/commons/collections4/multimap/AbstractMultiValuedMap
instanceKlass org/openxmlformats/schemas/spreadsheetml/x2006/main/CTExternalReference
instanceKlass org/openxmlformats/schemas/spreadsheetml/x2006/main/CTExternalReferences
instanceKlass org/apache/xmlbeans/XmlUnsignedByte
instanceKlass org/apache/xmlbeans/XmlUnsignedShort
instanceKlass org/apache/xmlbeans/impl/common/Mutex
instanceKlass org/apache/xmlbeans/impl/common/GlobalLock
instanceKlass java/util/TreeMap$NavigableSubMap$SubMapIterator
instanceKlass java/util/Spliterator
instanceKlass org/apache/poi/xssf/util/NumericRanges
instanceKlass sun/misc/FloatingDecimal$ASCIIToBinaryBuffer
instanceKlass org/apache/xmlbeans/XmlDouble
instanceKlass org/apache/xmlbeans/XmlBoolean
instanceKlass org/openxmlformats/schemas/spreadsheetml/x2006/main/CTCol
instanceKlass org/openxmlformats/schemas/spreadsheetml/x2006/main/CTCols
instanceKlass org/openxmlformats/schemas/spreadsheetml/x2006/main/CTCols$Factory
instanceKlass org/apache/poi/xssf/util/CTColComparator$2
instanceKlass org/apache/poi/xssf/util/CTColComparator$1
instanceKlass org/apache/poi/xssf/util/CTColComparator
instanceKlass java/util/NavigableSet
instanceKlass java/util/SortedSet
instanceKlass org/apache/poi/xssf/usermodel/helpers/ColumnHelper
instanceKlass org/openxmlformats/schemas/spreadsheetml/x2006/main/STRef
instanceKlass org/apache/xmlbeans/StringEnumAbstractBase$Table
instanceKlass org/openxmlformats/schemas/spreadsheetml/x2006/main/STCellFormulaType
instanceKlass org/apache/xmlbeans/impl/schema/SchemaStringEnumEntryImpl
instanceKlass org/apache/xmlbeans/SchemaStringEnumEntry
instanceKlass org/openxmlformats/schemas/spreadsheetml/x2006/main/CTCellFormula
instanceKlass org/openxmlformats/schemas/spreadsheetml/x2006/main/STFormula
instanceKlass org/apache/poi/ss/util/CellReference$CellRefParts
instanceKlass java/nio/charset/Charset$ExtendedProviderHolder$1
instanceKlass java/nio/charset/Charset$ExtendedProviderHolder
instanceKlass org/apache/poi/util/StringUtil
instanceKlass org/apache/poi/ss/util/CellReference
instanceKlass org/openxmlformats/schemas/spreadsheetml/x2006/main/STCellRef
instanceKlass org/apache/poi/ss/formula/FormulaRenderingWorkbook
instanceKlass org/apache/poi/ss/formula/FormulaParsingWorkbook
instanceKlass org/apache/poi/ss/usermodel/RichTextString
instanceKlass org/apache/poi/xssf/usermodel/XSSFCell
instanceKlass org/openxmlformats/schemas/spreadsheetml/x2006/main/CTCell
instanceKlass org/apache/poi/xssf/usermodel/XSSFRow
instanceKlass org/openxmlformats/schemas/spreadsheetml/x2006/main/CTRow
instanceKlass org/openxmlformats/schemas/spreadsheetml/x2006/main/CTSheetData
instanceKlass org/openxmlformats/schemas/spreadsheetml/x2006/main/CTWorksheet
instanceKlass org/apache/xmlbeans/impl/store/CharUtil$CharJoin
instanceKlass org/openxmlformats/schemas/spreadsheetml/x2006/main/WorksheetDocument
instanceKlass org/openxmlformats/schemas/spreadsheetml/x2006/main/WorksheetDocument$Factory
instanceKlass org/openxmlformats/schemas/officeDocument/x2006/relationships/STRelationshipId
instanceKlass org/openxmlformats/schemas/spreadsheetml/x2006/main/CTSheet
instanceKlass org/openxmlformats/schemas/spreadsheetml/x2006/main/CTSheets
instanceKlass org/openxmlformats/schemas/spreadsheetml/x2006/main/CTWorkbook
instanceKlass org/openxmlformats/schemas/spreadsheetml/x2006/main/WorkbookDocument
instanceKlass org/openxmlformats/schemas/spreadsheetml/x2006/main/WorkbookDocument$Factory
instanceKlass org/apache/xmlbeans/StringEnumAbstractBase
instanceKlass org/openxmlformats/schemas/spreadsheetml/x2006/main/CTTable
instanceKlass org/openxmlformats/schemas/spreadsheetml/x2006/main/TableDocument
instanceKlass org/openxmlformats/schemas/spreadsheetml/x2006/main/TableDocument$Factory
instanceKlass org/apache/poi/ss/usermodel/TableStyleInfo
instanceKlass org/openxmlformats/schemas/spreadsheetml/x2006/main/CTCalcChain
instanceKlass java/io/FileOutputStream$1
instanceKlass org/openxmlformats/schemas/spreadsheetml/x2006/main/CalcChainDocument
instanceKlass org/openxmlformats/schemas/spreadsheetml/x2006/main/CalcChainDocument$Factory
instanceKlass java/util/Collections$1
instanceKlass org/apache/xmlbeans/impl/store/Saver$SaveCur
instanceKlass org/apache/xmlbeans/impl/store/Saver
instanceKlass org/apache/xmlbeans/XmlCursor$ChangeStamp
instanceKlass org/apache/xmlbeans/XmlCursor$XmlMark
instanceKlass org/apache/xmlbeans/impl/store/Cursor
instanceKlass org/apache/xmlbeans/impl/store/Locale$ChangeListener
instanceKlass org/openxmlformats/schemas/spreadsheetml/x2006/main/CTRst
instanceKlass org/openxmlformats/schemas/spreadsheetml/x2006/main/CTSst
instanceKlass org/openxmlformats/schemas/spreadsheetml/x2006/main/SstDocument
instanceKlass org/openxmlformats/schemas/spreadsheetml/x2006/main/SstDocument$Factory
instanceKlass org/openxmlformats/schemas/spreadsheetml/x2006/main/CTTableStyle
instanceKlass org/openxmlformats/schemas/spreadsheetml/x2006/main/CTTableStyles
instanceKlass org/openxmlformats/schemas/spreadsheetml/x2006/main/CTDxf
instanceKlass org/openxmlformats/schemas/spreadsheetml/x2006/main/CTDxfs
instanceKlass org/openxmlformats/schemas/spreadsheetml/x2006/main/CTCellStyleXfs
instanceKlass org/openxmlformats/schemas/spreadsheetml/x2006/main/CTXf
instanceKlass org/openxmlformats/schemas/spreadsheetml/x2006/main/CTCellXfs
instanceKlass org/apache/poi/xssf/usermodel/extensions/XSSFCellBorder
instanceKlass org/openxmlformats/schemas/spreadsheetml/x2006/main/CTBorder
instanceKlass org/openxmlformats/schemas/spreadsheetml/x2006/main/CTBorders
instanceKlass org/apache/poi/xssf/usermodel/extensions/XSSFCellFill
instanceKlass org/openxmlformats/schemas/spreadsheetml/x2006/main/CTFill
instanceKlass org/openxmlformats/schemas/spreadsheetml/x2006/main/CTFills
instanceKlass org/apache/poi/xssf/usermodel/XSSFFont
instanceKlass sun/reflect/ClassDefiner$1
instanceKlass sun/reflect/ClassDefiner
instanceKlass sun/reflect/MethodAccessorGenerator$1
instanceKlass sun/reflect/Label$PatchInfo
instanceKlass sun/reflect/Label
instanceKlass sun/reflect/UTF8
instanceKlass sun/reflect/ClassFileAssembler
instanceKlass sun/reflect/ByteVectorImpl
instanceKlass sun/reflect/ByteVector
instanceKlass sun/reflect/ByteVectorFactory
instanceKlass sun/reflect/AccessorGenerator
instanceKlass sun/reflect/ClassFileConstants
instanceKlass org/openxmlformats/schemas/spreadsheetml/x2006/main/CTFont
instanceKlass org/openxmlformats/schemas/spreadsheetml/x2006/main/CTFonts
instanceKlass org/openxmlformats/schemas/spreadsheetml/x2006/main/STXstring
instanceKlass java/math/MathContext
instanceKlass org/apache/xmlbeans/impl/util/XsTypeConverter
instanceKlass org/apache/xmlbeans/impl/values/NamespaceContext$NamespaceContextStack
instanceKlass org/apache/xmlbeans/impl/values/NamespaceContext
instanceKlass org/apache/xmlbeans/impl/store/Locale$ScrubBuffer
instanceKlass org/openxmlformats/schemas/spreadsheetml/x2006/main/STNumFmtId
instanceKlass org/apache/xmlbeans/XmlUnsignedInt
instanceKlass org/apache/xmlbeans/XmlUnsignedLong
instanceKlass org/apache/xmlbeans/XmlNonNegativeInteger
instanceKlass org/openxmlformats/schemas/spreadsheetml/x2006/main/CTNumFmt
instanceKlass org/openxmlformats/schemas/spreadsheetml/x2006/main/CTNumFmts
instanceKlass org/apache/poi/xssf/usermodel/CustomIndexedColorMap
instanceKlass org/openxmlformats/schemas/spreadsheetml/x2006/main/CTStylesheet
instanceKlass org/openxmlformats/schemas/spreadsheetml/x2006/main/StyleSheetDocument
instanceKlass org/openxmlformats/schemas/spreadsheetml/x2006/main/StyleSheetDocument$Factory
instanceKlass org/apache/poi/xssf/usermodel/DefaultIndexedColorMap
instanceKlass org/apache/poi/xssf/usermodel/IndexedColorMap
instanceKlass org/openxmlformats/schemas/drawingml/x2006/main/ThemeDocument$Factory
instanceKlass org/openxmlformats/schemas/drawingml/x2006/main/ThemeDocument
instanceKlass org/openxmlformats/schemas/spreadsheetml/x2006/main/CTExternalLink
instanceKlass org/apache/xmlbeans/QNameSetBuilder
instanceKlass sun/security/provider/ByteArrayAccess
instanceKlass sun/security/jca/GetInstance$Instance
instanceKlass java/security/Provider$UString
instanceKlass java/security/Provider$Service
instanceKlass sun/security/provider/NativePRNG$NonBlocking
instanceKlass sun/security/provider/NativePRNG$Blocking
instanceKlass sun/security/provider/NativePRNG
instanceKlass sun/security/provider/SunEntries$1
instanceKlass sun/security/provider/SunEntries
instanceKlass sun/security/jca/ProviderConfig$2
instanceKlass sun/security/jca/ProviderList$2
instanceKlass sun/misc/FDBigInteger
instanceKlass sun/misc/FloatingDecimal$PreparedASCIIToBinaryBuffer
instanceKlass sun/misc/FloatingDecimal$ASCIIToBinaryConverter
instanceKlass sun/misc/FloatingDecimal$BinaryToASCIIBuffer
instanceKlass sun/misc/FloatingDecimal$ExceptionalBinaryToASCIIBuffer
instanceKlass sun/misc/FloatingDecimal$BinaryToASCIIConverter
instanceKlass sun/misc/FloatingDecimal
instanceKlass java/security/Provider$EngineDescription
instanceKlass java/security/Provider$ServiceKey
instanceKlass sun/security/jca/ProviderConfig
instanceKlass sun/security/jca/ProviderList
instanceKlass sun/security/jca/Providers
instanceKlass sun/security/jca/GetInstance
instanceKlass java/security/MessageDigestSpi
instanceKlass org/apache/xmlbeans/impl/store/CharUtil$CharIterator
instanceKlass org/apache/xmlbeans/impl/store/CharUtil
instanceKlass org/w3c/dom/Comment
instanceKlass org/apache/xmlbeans/impl/soap/SOAPFault
instanceKlass org/apache/xmlbeans/impl/soap/DetailEntry
instanceKlass org/apache/xmlbeans/impl/soap/Detail
instanceKlass org/apache/xmlbeans/impl/soap/SOAPFaultElement
instanceKlass org/apache/xmlbeans/impl/soap/SOAPHeaderElement
instanceKlass org/apache/xmlbeans/impl/soap/SOAPHeader
instanceKlass org/apache/xmlbeans/impl/soap/SOAPEnvelope
instanceKlass org/apache/xmlbeans/impl/soap/SOAPBodyElement
instanceKlass org/apache/xmlbeans/impl/soap/SOAPBody
instanceKlass org/apache/xmlbeans/impl/soap/SOAPElement
instanceKlass org/w3c/dom/DocumentFragment
instanceKlass org/w3c/dom/ProcessingInstruction
instanceKlass org/apache/xmlbeans/impl/store/Xobj
instanceKlass org/apache/xmlbeans/impl/store/Cur$Locations
instanceKlass org/apache/xmlbeans/QNameCache
instanceKlass org/apache/xmlbeans/impl/store/Locale$DefaultQNameFactory
instanceKlass org/apache/xmlbeans/impl/store/Locale$domNthCache
instanceKlass org/apache/xmlbeans/impl/store/Locale$nthCache
instanceKlass org/apache/xmlbeans/XmlFactoryHook$ThreadContext
instanceKlass org/apache/xmlbeans/impl/schema/StscComplexTypeResolver$WildcardResult
instanceKlass org/apache/xmlbeans/impl/schema/StscComplexTypeResolver$CodeForNameEntry
instanceKlass org/apache/xmlbeans/impl/xb/xsdschema/Group
instanceKlass org/apache/xmlbeans/impl/xb/xsdschema/ExtensionType
instanceKlass org/apache/xmlbeans/impl/xb/xsdschema/SimpleType
instanceKlass org/apache/xmlbeans/impl/xb/xsdschema/LocalElement
instanceKlass org/apache/xmlbeans/impl/xb/xsdschema/Element
instanceKlass org/apache/xmlbeans/impl/xb/xsdschema/Annotated
instanceKlass org/apache/xmlbeans/impl/xb/xsdschema/OpenAttrs
instanceKlass org/apache/xmlbeans/impl/schema/StscComplexTypeResolver
instanceKlass org/apache/xmlbeans/impl/schema/SchemaPropertyImpl
instanceKlass org/apache/xmlbeans/impl/schema/SchemaAnnotationImpl
instanceKlass org/apache/xmlbeans/SchemaAnnotation$Attribute
instanceKlass org/apache/xmlbeans/impl/schema/SchemaTypeSystemImpl$HandlePool
instanceKlass org/apache/xmlbeans/impl/schema/SchemaTypeSystemImpl$StringPool
instanceKlass org/apache/xmlbeans/impl/schema/SchemaLocalAttributeImpl
instanceKlass org/apache/xmlbeans/soap/SchemaWSDLArrayType
instanceKlass org/apache/xmlbeans/impl/schema/SchemaTypeSystemImpl$XsbReader
instanceKlass org/apache/xmlbeans/impl/schema/ClassLoaderResourceLoader
instanceKlass java/util/Collections$SynchronizedMap
instanceKlass org/apache/xmlbeans/impl/common/XBeanDebug
instanceKlass org/apache/xmlbeans/SchemaIdentityConstraint
instanceKlass schemaorg_apache_xmlbeans/system/sF1327CCA741569E70F9CA8C9AF9B44B2/TypeSystemHolder
instanceKlass sun/net/www/protocol/jar/JarFileFactory
instanceKlass sun/net/www/protocol/jar/URLJarFile$URLJarFileCloseController
instanceKlass java/util/ResourceBundle$Control$1
instanceKlass sun/misc/URLClassPath$JarLoader$3
instanceKlass org/apache/xmlbeans/impl/regex/Token
instanceKlass org/apache/xmlbeans/impl/regex/REUtil
instanceKlass org/apache/xmlbeans/impl/regex/Op
instanceKlass org/apache/xmlbeans/impl/regex/RegexParser
instanceKlass org/apache/xmlbeans/impl/regex/RegularExpression
instanceKlass org/apache/xmlbeans/impl/schema/SchemaParticleImpl
instanceKlass org/apache/xmlbeans/QNameSet
instanceKlass java/util/Collections$EmptyIterator
instanceKlass org/apache/xmlbeans/impl/schema/SchemaAttributeModelImpl
instanceKlass org/apache/xmlbeans/XmlInteger
instanceKlass org/apache/xmlbeans/XmlDecimal
instanceKlass org/apache/xmlbeans/impl/schema/XmlValueRef
instanceKlass org/apache/xmlbeans/impl/common/XmlWhitespace
instanceKlass org/apache/xmlbeans/impl/values/XmlObjectBase$ValueOutOfRangeValidationContext
instanceKlass org/apache/xmlbeans/impl/common/ValidatorListener
instanceKlass org/apache/xmlbeans/impl/common/ValidationContext
instanceKlass org/apache/xmlbeans/GDurationSpecification
instanceKlass org/apache/xmlbeans/impl/values/TypeStoreVisitor
instanceKlass org/apache/xmlbeans/impl/values/TypeStore
instanceKlass org/apache/xmlbeans/impl/values/NamespaceManager
instanceKlass org/apache/xmlbeans/impl/common/PrefixResolver
instanceKlass org/apache/xmlbeans/GDateSpecification
instanceKlass org/apache/xmlbeans/impl/values/XmlObjectBase
instanceKlass org/apache/xmlbeans/SimpleValue
instanceKlass org/apache/xmlbeans/impl/values/TypeStoreUser
instanceKlass org/apache/xmlbeans/XmlString
instanceKlass org/apache/xmlbeans/impl/common/QNameHelper
instanceKlass org/apache/xmlbeans/SchemaComponent$1
instanceKlass org/apache/xmlbeans/SchemaProperty
instanceKlass org/apache/xmlbeans/SchemaTypeElementSequencer
instanceKlass org/apache/xmlbeans/QNameSetSpecification
instanceKlass org/apache/xmlbeans/impl/schema/SchemaContainer
instanceKlass org/apache/xmlbeans/impl/schema/SchemaTypeImpl
instanceKlass org/apache/xmlbeans/impl/values/TypeStoreUserFactory
instanceKlass org/apache/xmlbeans/impl/store/Query
instanceKlass org/apache/xmlbeans/impl/store/Path$PathEngine
instanceKlass org/apache/xmlbeans/impl/store/Cur
instanceKlass java/net/URLClassLoader$2
instanceKlass org/apache/xmlbeans/impl/store/Path
instanceKlass org/apache/xmlbeans/impl/schema/FileResourceLoader
instanceKlass org/apache/xmlbeans/impl/schema/PathResourceLoader
instanceKlass javax/xml/stream/XMLStreamReader
instanceKlass org/apache/xmlbeans/impl/store/QNameFactory
instanceKlass org/apache/xmlbeans/XmlSaxHandler
instanceKlass org/apache/xmlbeans/xml/stream/utils/NestedThrowable
instanceKlass org/apache/xmlbeans/impl/soap/Text
instanceKlass org/apache/xmlbeans/impl/soap/Node
instanceKlass org/apache/xmlbeans/impl/store/DomImpl$CharNode
instanceKlass org/apache/xmlbeans/impl/store/DomImpl$Dom
instanceKlass org/w3c/dom/CDATASection
instanceKlass org/apache/xmlbeans/XmlDocumentProperties
instanceKlass org/apache/xmlbeans/XmlCursor
instanceKlass org/apache/xmlbeans/impl/store/Locale$SaxHandler
instanceKlass org/xml/sax/DTDHandler
instanceKlass org/xml/sax/ext/DeclHandler
instanceKlass org/xml/sax/ext/LexicalHandler
instanceKlass org/xml/sax/ContentHandler
instanceKlass org/apache/xmlbeans/impl/store/Locale$LoadContext
instanceKlass org/apache/xmlbeans/impl/store/Locale
instanceKlass org/apache/xmlbeans/impl/common/XmlLocale
instanceKlass org/apache/xmlbeans/impl/store/Saaj$SaajCallback
instanceKlass org/w3c/dom/DOMImplementation
instanceKlass org/apache/xmlbeans/impl/schema/SchemaTypeSystemCompiler$Parameters
instanceKlass org/apache/xmlbeans/impl/schema/SchemaTypeSystemCompiler
instanceKlass org/apache/xmlbeans/UserType
instanceKlass org/apache/xmlbeans/PrePostExtension
instanceKlass org/apache/xmlbeans/InterfaceExtension
instanceKlass org/apache/xmlbeans/BindingConfig
instanceKlass org/apache/xmlbeans/SchemaAttributeGroup
instanceKlass org/apache/xmlbeans/SchemaModelGroup
instanceKlass org/apache/xmlbeans/SchemaGlobalAttribute
instanceKlass org/apache/xmlbeans/SchemaLocalAttribute
instanceKlass org/apache/xmlbeans/SchemaGlobalElement
instanceKlass org/apache/xmlbeans/SchemaLocalElement
instanceKlass org/apache/xmlbeans/SchemaField
instanceKlass org/apache/xmlbeans/Filer
instanceKlass org/apache/xmlbeans/SchemaAnnotation
instanceKlass org/apache/xmlbeans/SchemaAttributeModel
instanceKlass org/apache/xmlbeans/SchemaParticle
instanceKlass org/apache/xmlbeans/XmlAnySimpleType
instanceKlass org/apache/xmlbeans/SchemaType
instanceKlass org/apache/xmlbeans/SchemaAnnotated
instanceKlass org/apache/xmlbeans/SchemaComponent
instanceKlass org/apache/xmlbeans/SchemaComponent$Ref
instanceKlass org/apache/xmlbeans/ResourceLoader
instanceKlass org/apache/xmlbeans/SchemaTypeSystem
instanceKlass org/apache/xmlbeans/xml/stream/XMLInputStream
instanceKlass org/apache/xmlbeans/impl/schema/SchemaTypeLoaderBase
instanceKlass org/apache/xmlbeans/SchemaTypeLoader
instanceKlass org/apache/xmlbeans/XmlBeans
instanceKlass org/openxmlformats/schemas/spreadsheetml/x2006/main/ExternalLinkDocument
instanceKlass org/openxmlformats/schemas/spreadsheetml/x2006/main/ExternalLinkDocument$Factory
instanceKlass org/apache/xmlbeans/XmlOptions
instanceKlass org/apache/poi/POIXMLTypeLoader
instanceKlass org/apache/poi/POIXMLDocumentPart$RelationPart
instanceKlass org/apache/poi/ss/usermodel/DataValidationConstraint
instanceKlass org/apache/poi/ss/usermodel/DataValidation
instanceKlass org/apache/poi/xssf/usermodel/XSSFDataValidationHelper
instanceKlass org/apache/poi/xssf/usermodel/XSSFPivotTable$PivotTableReferenceConfigurator
instanceKlass org/apache/poi/ss/usermodel/Footer
instanceKlass org/apache/poi/ss/usermodel/Header
instanceKlass org/apache/poi/ss/usermodel/HeaderFooter
instanceKlass org/apache/poi/ss/usermodel/CellRange
instanceKlass org/apache/poi/ss/usermodel/Cell
instanceKlass org/apache/poi/ss/usermodel/PrintSetup
instanceKlass org/apache/poi/ss/usermodel/AutoFilter
instanceKlass org/apache/poi/ss/usermodel/Hyperlink
instanceKlass org/apache/poi/common/usermodel/Hyperlink
instanceKlass org/apache/poi/ss/usermodel/Comment
instanceKlass org/apache/poi/ss/usermodel/DataValidationHelper
instanceKlass org/apache/poi/ss/usermodel/SheetConditionalFormatting
instanceKlass org/apache/poi/ss/util/CellRangeAddressBase
instanceKlass org/apache/poi/ss/usermodel/Row
instanceKlass org/apache/poi/ss/usermodel/PictureData
instanceKlass org/apache/poi/ss/usermodel/Table
instanceKlass org/apache/poi/ss/usermodel/charts/ChartAxisFactory
instanceKlass org/apache/poi/ss/usermodel/Chart
instanceKlass org/apache/poi/ss/usermodel/charts/ManuallyPositionable
instanceKlass org/apache/poi/ss/formula/atp/YearFrac
instanceKlass org/apache/poi/ss/formula/atp/WorkdayFunction
instanceKlass org/apache/poi/ss/formula/atp/RandBetween
instanceKlass org/apache/poi/ss/formula/atp/ArgumentsEvaluator
instanceKlass org/apache/poi/ss/formula/atp/NetworkdaysFunction
instanceKlass org/apache/poi/ss/formula/atp/MRound
instanceKlass org/apache/poi/ss/formula/atp/ParityFunction
instanceKlass org/apache/poi/ss/formula/atp/IfError
instanceKlass org/apache/poi/ss/formula/functions/EOMonth
instanceKlass org/apache/poi/ss/formula/functions/EDate
instanceKlass org/apache/poi/ss/formula/eval/NumberEval
instanceKlass org/apache/poi/ss/formula/eval/StringValueEval
instanceKlass org/apache/poi/ss/formula/eval/NumericValueEval
instanceKlass org/apache/poi/ss/formula/functions/Fixed2ArgFunction
instanceKlass org/apache/poi/ss/formula/functions/Var1or2ArgFunction
instanceKlass org/apache/poi/ss/formula/functions/Baseifs
instanceKlass org/apache/poi/ss/formula/functions/Var2or3ArgFunction
instanceKlass org/apache/poi/ss/formula/functions/Function3Arg
instanceKlass org/apache/poi/ss/formula/functions/Function2Arg
instanceKlass org/apache/poi/ss/formula/eval/ValueEval
instanceKlass org/apache/poi/ss/formula/functions/Fixed1ArgFunction
instanceKlass org/apache/poi/ss/formula/functions/Function1Arg
instanceKlass org/apache/poi/ss/formula/functions/Function
instanceKlass org/apache/poi/ss/formula/atp/AnalysisToolPak$NotImplemented
instanceKlass org/apache/poi/ss/formula/functions/FreeRefFunction
instanceKlass org/apache/poi/ss/formula/atp/AnalysisToolPak
instanceKlass org/apache/poi/ss/formula/udf/AggregatingUDFFinder
instanceKlass org/apache/xmlbeans/SystemProperties
instanceKlass org/apache/xmlbeans/impl/common/SystemCache
instanceKlass java/util/TreeMap$PrivateEntryIterator
instanceKlass java/text/CalendarBuilder
instanceKlass java/text/ParsePosition
instanceKlass java/util/Date
instanceKlass java/text/DigitList
instanceKlass java/text/FieldPosition
instanceKlass java/util/Currency$1
instanceKlass java/util/Currency
instanceKlass java/text/DecimalFormatSymbols
instanceKlass java/util/concurrent/atomic/AtomicMarkableReference$Pair
instanceKlass java/util/concurrent/atomic/AtomicMarkableReference
instanceKlass java/text/DateFormatSymbols
instanceKlass sun/util/calendar/CalendarUtils
instanceKlass sun/util/calendar/CalendarDate
instanceKlass java/util/ResourceBundle$CacheKeyReference
instanceKlass java/util/ResourceBundle$CacheKey
instanceKlass java/util/ResourceBundle$RBClassLoader$1
instanceKlass java/util/spi/ResourceBundleControlProvider
instanceKlass java/util/ResourceBundle
instanceKlass java/util/ResourceBundle$Control
instanceKlass sun/util/resources/LocaleData$1
instanceKlass sun/util/resources/LocaleData
instanceKlass sun/util/locale/provider/LocaleResources
instanceKlass sun/util/locale/provider/CalendarDataUtility$CalendarWeekParameterGetter
instanceKlass sun/util/locale/provider/LocaleServiceProviderPool$LocalizedObjectGetter
instanceKlass sun/util/locale/provider/SPILocaleProviderAdapter$1
instanceKlass sun/util/locale/provider/LocaleServiceProviderPool
instanceKlass sun/util/locale/provider/CalendarDataUtility
instanceKlass java/util/Calendar$Builder
instanceKlass sun/util/locale/provider/JRELocaleProviderAdapter$1
instanceKlass sun/util/locale/provider/LocaleDataMetaInfo
instanceKlass sun/util/locale/provider/AvailableLanguageTags
instanceKlass sun/util/locale/provider/LocaleProviderAdapter$1
instanceKlass java/util/Collections$UnmodifiableCollection$1
instanceKlass sun/util/locale/provider/ResourceBundleBasedAdapter
instanceKlass sun/util/locale/provider/LocaleProviderAdapter
instanceKlass java/util/spi/LocaleServiceProvider
instanceKlass java/util/Calendar
instanceKlass java/util/TimeZone$1
instanceKlass java/text/AttributedCharacterIterator$Attribute
instanceKlass com/sun/org/apache/xerces/internal/dom/CharacterDataImpl$1
instanceKlass org/w3c/dom/Text
instanceKlass org/w3c/dom/CharacterData
instanceKlass org/apache/poi/openxml4j/util/Nullable
instanceKlass org/apache/poi/openxml4j/opc/internal/unmarshallers/UnmarshallContext
instanceKlass java/util/ComparableTimSort
instanceKlass sun/security/action/GetBooleanAction
instanceKlass java/util/Arrays$LegacyMergeSort
instanceKlass org/apache/poi/openxml4j/opc/PackageRelationship
instanceKlass org/apache/poi/openxml4j/opc/PackageRelationshipCollection
instanceKlass org/apache/poi/openxml4j/opc/PackagePartName
instanceKlass org/apache/poi/openxml4j/opc/PackagingURIHelper
instanceKlass java/util/TreeMap$Entry
instanceKlass org/w3c/dom/Attr
instanceKlass com/sun/org/apache/xerces/internal/dom/NamedNodeMapImpl
instanceKlass org/w3c/dom/NamedNodeMap
instanceKlass com/sun/org/apache/xerces/internal/dom/DeepNodeListImpl
instanceKlass com/sun/org/apache/xerces/internal/dom/DeferredDocumentImpl$RefCount
instanceKlass com/sun/org/apache/xerces/internal/dom/NodeListCache
instanceKlass org/w3c/dom/TypeInfo
instanceKlass org/w3c/dom/Element
instanceKlass org/w3c/dom/DocumentType
instanceKlass com/sun/org/apache/xerces/internal/dom/NodeImpl
instanceKlass org/w3c/dom/events/EventTarget
instanceKlass org/w3c/dom/NodeList
instanceKlass org/w3c/dom/Document
instanceKlass org/w3c/dom/ranges/DocumentRange
instanceKlass org/w3c/dom/events/DocumentEvent
instanceKlass org/w3c/dom/traversal/DocumentTraversal
instanceKlass com/sun/org/apache/xerces/internal/dom/DeferredNode
instanceKlass com/sun/org/apache/xerces/internal/util/XMLSymbols
instanceKlass com/sun/org/apache/xerces/internal/util/XMLChar
instanceKlass com/sun/xml/internal/stream/Entity
instanceKlass com/sun/xml/internal/stream/util/BufferAllocator
instanceKlass com/sun/xml/internal/stream/util/ThreadLocalBufferAllocator
instanceKlass com/sun/org/apache/xerces/internal/utils/XMLLimitAnalyzer
instanceKlass com/sun/org/apache/xerces/internal/xni/parser/XMLInputSource
instanceKlass org/xml/sax/InputSource
instanceKlass com/sun/org/apache/xerces/internal/util/ErrorHandlerWrapper
instanceKlass com/sun/org/apache/xerces/internal/xni/parser/XMLErrorHandler
instanceKlass org/apache/poi/util/DocumentHelper$DocHelperErrorHandler
instanceKlass com/sun/org/apache/xerces/internal/impl/ExternalSubsetResolver
instanceKlass com/sun/org/apache/xerces/internal/util/EntityResolverWrapper
instanceKlass org/xml/sax/ext/EntityResolver2
instanceKlass org/apache/poi/util/SAXHelper$1
instanceKlass org/xml/sax/EntityResolver
instanceKlass org/apache/poi/util/SAXHelper
instanceKlass com/sun/org/apache/xerces/internal/impl/Constants$ArrayEnumeration
instanceKlass com/sun/org/apache/xerces/internal/impl/Constants
instanceKlass com/sun/org/apache/xerces/internal/utils/XMLSecurityPropertyManager
instanceKlass com/sun/org/apache/xerces/internal/util/PropertyState
instanceKlass com/sun/org/apache/xerces/internal/util/FeatureState
instanceKlass com/sun/org/apache/xerces/internal/impl/msg/XMLMessageFormatter
instanceKlass com/sun/org/apache/xerces/internal/util/MessageFormatter
instanceKlass com/sun/org/apache/xerces/internal/impl/XMLVersionDetector
instanceKlass com/sun/org/apache/xerces/internal/impl/validation/ValidationManager
instanceKlass java/util/Collections$UnmodifiableMap
instanceKlass com/sun/org/apache/xerces/internal/impl/dv/dtd/NMTOKENDatatypeValidator
instanceKlass com/sun/org/apache/xerces/internal/impl/dv/dtd/NOTATIONDatatypeValidator
instanceKlass com/sun/org/apache/xerces/internal/impl/dv/dtd/ENTITYDatatypeValidator
instanceKlass com/sun/org/apache/xerces/internal/impl/dv/dtd/ListDatatypeValidator
instanceKlass com/sun/org/apache/xerces/internal/impl/dv/dtd/IDREFDatatypeValidator
instanceKlass com/sun/org/apache/xerces/internal/impl/dv/dtd/IDDatatypeValidator
instanceKlass com/sun/org/apache/xerces/internal/impl/dv/dtd/StringDatatypeValidator
instanceKlass com/sun/org/apache/xerces/internal/impl/dv/DatatypeValidator
instanceKlass com/sun/org/apache/xerces/internal/impl/dv/DTDDVFactory
instanceKlass com/sun/org/apache/xerces/internal/impl/dtd/DTDGrammarBucket
instanceKlass com/sun/org/apache/xerces/internal/impl/dtd/XMLAttributeDecl
instanceKlass com/sun/org/apache/xerces/internal/impl/dtd/XMLSimpleType
instanceKlass com/sun/org/apache/xerces/internal/impl/dtd/XMLElementDecl
instanceKlass com/sun/org/apache/xerces/internal/impl/validation/ValidationState
instanceKlass com/sun/org/apache/xerces/internal/impl/dv/ValidationContext
instanceKlass com/sun/org/apache/xerces/internal/impl/dtd/XMLDTDValidator
instanceKlass com/sun/org/apache/xerces/internal/impl/RevalidationHandler
instanceKlass com/sun/org/apache/xerces/internal/impl/dtd/XMLDTDValidatorFilter
instanceKlass com/sun/org/apache/xerces/internal/xni/parser/XMLDocumentFilter
instanceKlass com/sun/org/apache/xerces/internal/impl/dtd/XMLEntityDecl
instanceKlass com/sun/org/apache/xerces/internal/impl/dtd/XMLDTDProcessor
instanceKlass com/sun/org/apache/xerces/internal/xni/parser/XMLDTDContentModelFilter
instanceKlass com/sun/org/apache/xerces/internal/xni/parser/XMLDTDFilter
instanceKlass com/sun/org/apache/xerces/internal/xni/parser/XMLDTDScanner
instanceKlass com/sun/org/apache/xerces/internal/xni/parser/XMLDTDContentModelSource
instanceKlass com/sun/org/apache/xerces/internal/xni/parser/XMLDTDSource
instanceKlass com/sun/org/apache/xerces/internal/xni/grammars/XMLDTDDescription
instanceKlass com/sun/org/apache/xerces/internal/xni/grammars/XMLGrammarDescription
instanceKlass com/sun/org/apache/xerces/internal/impl/XMLDocumentScannerImpl$TrailingMiscDriver
instanceKlass com/sun/org/apache/xerces/internal/impl/XMLDocumentScannerImpl$PrologDriver
instanceKlass com/sun/org/apache/xerces/internal/impl/XMLDocumentScannerImpl$XMLDeclDriver
instanceKlass com/sun/org/apache/xerces/internal/util/NamespaceSupport
instanceKlass com/sun/org/apache/xerces/internal/xni/NamespaceContext
instanceKlass com/sun/org/apache/xerces/internal/util/XMLAttributesImpl$Attribute
instanceKlass com/sun/org/apache/xerces/internal/util/XMLAttributesImpl
instanceKlass com/sun/org/apache/xerces/internal/xni/XMLAttributes
instanceKlass com/sun/org/apache/xerces/internal/impl/XMLDocumentFragmentScannerImpl$FragmentContentDriver
instanceKlass com/sun/org/apache/xerces/internal/impl/XMLDocumentFragmentScannerImpl$Driver
instanceKlass com/sun/org/apache/xerces/internal/impl/XMLDocumentFragmentScannerImpl$ElementStack2
instanceKlass com/sun/org/apache/xerces/internal/xni/QName
instanceKlass com/sun/org/apache/xerces/internal/impl/XMLDocumentFragmentScannerImpl$ElementStack
instanceKlass com/sun/org/apache/xerces/internal/xni/XMLString
instanceKlass com/sun/org/apache/xerces/internal/impl/XMLScanner
instanceKlass com/sun/xml/internal/stream/XMLBufferListener
instanceKlass com/sun/org/apache/xerces/internal/impl/XMLEntityHandler
instanceKlass com/sun/org/apache/xerces/internal/xni/parser/XMLDocumentScanner
instanceKlass com/sun/org/apache/xerces/internal/xni/parser/XMLDocumentSource
instanceKlass com/sun/org/apache/xerces/internal/impl/XMLErrorReporter
instanceKlass com/sun/org/apache/xerces/internal/impl/XMLEntityScanner
instanceKlass com/sun/org/apache/xerces/internal/xni/XMLLocator
instanceKlass com/sun/xml/internal/stream/XMLEntityStorage
instanceKlass com/sun/org/apache/xerces/internal/utils/SecuritySupport$8
instanceKlass com/sun/org/apache/xerces/internal/utils/SecuritySupport$4
instanceKlass com/sun/org/apache/xerces/internal/utils/SecuritySupport
instanceKlass java/util/concurrent/locks/AbstractQueuedSynchronizer$Node
instanceKlass java/util/concurrent/locks/AbstractOwnableSynchronizer
instanceKlass java/util/concurrent/CopyOnWriteArrayList
instanceKlass com/sun/org/apache/xerces/internal/utils/XMLSecurityManager
instanceKlass com/sun/org/apache/xerces/internal/impl/XMLEntityManager$CharacterBuffer
